Sender: LSF System <hpcadmin@n25>
Subject: Job 239367: </lustre/projects/hpcsupport/steinbac/scads/snakemake/run_24_jobs/.snakemake/tmp.I6OGHL/snakejob.color_bootstrap_jpg.22.sh> in cluster scuba_cluster1 Done

Job </lustre/projects/hpcsupport/steinbac/scads/snakemake/run_24_jobs/.snakemake/tmp.I6OGHL/snakejob.color_bootstrap_jpg.22.sh> was submitted from host <falcon> by user <steinbac> in cluster <scuba_cluster1>.
Job was executed on host(s) <n25>, in queue <short>, as user <steinbac> in cluster <scuba_cluster1>.
</home/steinbac> was used as the home directory.
</projects/hpcsupport/steinbac/scads/snakemake/run_24_jobs> was used as the working directory.
Started at Mon Sep 21 00:30:28 2015
Results reported at Mon Sep 21 00:30:30 2015

Your job looked like:

------------------------------------------------------------
# LSBATCH: User input
/lustre/projects/hpcsupport/steinbac/scads/snakemake/run_24_jobs/.snakemake/tmp.I6OGHL/snakejob.color_bootstrap_jpg.22.sh
------------------------------------------------------------

Successfully completed.

Resource usage summary:

    CPU time   :      2.23 sec.
    Max Memory :         3 MB
    Max Swap   :        33 MB

    Max Processes  :         1
    Max Threads    :         1

The output (if any) follows:

>> Started at 1442788229.106792
