Sender: LSF System <hpcadmin@n22>
Subject: Job 246585: </lustre/projects/hpcsupport/steinbac/scads/snakemake/run_156_jobs/.snakemake/tmp.9C60K1/snakejob.final.594.sh> in cluster scuba_cluster1 Done

Job </lustre/projects/hpcsupport/steinbac/scads/snakemake/run_156_jobs/.snakemake/tmp.9C60K1/snakejob.final.594.sh> was submitted from host <falcon> by user <steinbac> in cluster <scuba_cluster1>.
Job was executed on host(s) <n22>, in queue <short>, as user <steinbac> in cluster <scuba_cluster1>.
</home/steinbac> was used as the home directory.
</projects/hpcsupport/steinbac/scads/snakemake/run_156_jobs> was used as the working directory.
Started at Mon Sep 21 01:33:03 2015
Results reported at Mon Sep 21 01:33:04 2015

Your job looked like:

------------------------------------------------------------
# LSBATCH: User input
/lustre/projects/hpcsupport/steinbac/scads/snakemake/run_156_jobs/.snakemake/tmp.9C60K1/snakejob.final.594.sh
------------------------------------------------------------

Successfully completed.

Resource usage summary:

    CPU time   :      0.82 sec.
    Max Memory :         3 MB
    Max Swap   :        33 MB

    Max Processes  :         1
    Max Threads    :         1

The output (if any) follows:

>> Started at 1442791984.332291
>> Finished at 1442791984.4420817
