Sender: LSF System <hpcadmin@n23>
Subject: Job 245386: </lustre/projects/hpcsupport/steinbac/scads/snakemake/run_132_jobs/.snakemake/tmp.UOEWQD/snakejob.final.594.sh> in cluster scuba_cluster1 Done

Job </lustre/projects/hpcsupport/steinbac/scads/snakemake/run_132_jobs/.snakemake/tmp.UOEWQD/snakejob.final.594.sh> was submitted from host <falcon> by user <steinbac> in cluster <scuba_cluster1>.
Job was executed on host(s) <n23>, in queue <short>, as user <steinbac> in cluster <scuba_cluster1>.
</home/steinbac> was used as the home directory.
</projects/hpcsupport/steinbac/scads/snakemake/run_132_jobs> was used as the working directory.
Started at Mon Sep 21 01:26:57 2015
Results reported at Mon Sep 21 01:26:58 2015

Your job looked like:

------------------------------------------------------------
# LSBATCH: User input
/lustre/projects/hpcsupport/steinbac/scads/snakemake/run_132_jobs/.snakemake/tmp.UOEWQD/snakejob.final.594.sh
------------------------------------------------------------

Successfully completed.

Resource usage summary:

    CPU time   :      0.80 sec.
    Max Memory :         2 MB
    Max Swap   :        32 MB

    Max Processes  :         1
    Max Threads    :         1

The output (if any) follows:

>> Started at 1442791618.201614
>> Finished at 1442791618.3114307
