Sender: LSF System <hpcadmin@n12>
Subject: Job 241777: </lustre/projects/hpcsupport/steinbac/scads/snakemake/run_72_jobs/.snakemake/tmp.B32HER/snakejob.color_bootstrap_jpg.29.sh> in cluster scuba_cluster1 Done

Job </lustre/projects/hpcsupport/steinbac/scads/snakemake/run_72_jobs/.snakemake/tmp.B32HER/snakejob.color_bootstrap_jpg.29.sh> was submitted from host <falcon> by user <steinbac> in cluster <scuba_cluster1>.
Job was executed on host(s) <n12>, in queue <short>, as user <steinbac> in cluster <scuba_cluster1>.
</home/steinbac> was used as the home directory.
</projects/hpcsupport/steinbac/scads/snakemake/run_72_jobs> was used as the working directory.
Started at Mon Sep 21 01:02:36 2015
Results reported at Mon Sep 21 01:02:38 2015

Your job looked like:

------------------------------------------------------------
# LSBATCH: User input
/lustre/projects/hpcsupport/steinbac/scads/snakemake/run_72_jobs/.snakemake/tmp.B32HER/snakejob.color_bootstrap_jpg.29.sh
------------------------------------------------------------

Successfully completed.

Resource usage summary:

    CPU time   :      2.14 sec.
    Max Memory :         3 MB
    Max Swap   :        33 MB

    Max Processes  :         1
    Max Threads    :         1

The output (if any) follows:

>> Started at 1442790157.3493915
