Sender: LSF System <hpcadmin@n03>
Subject: Job 244176: </lustre/projects/hpcsupport/steinbac/scads/snakemake/run_108_jobs/.snakemake/tmp.OT8FJD/snakejob.final.594.sh> in cluster scuba_cluster1 Done

Job </lustre/projects/hpcsupport/steinbac/scads/snakemake/run_108_jobs/.snakemake/tmp.OT8FJD/snakejob.final.594.sh> was submitted from host <falcon> by user <steinbac> in cluster <scuba_cluster1>.
Job was executed on host(s) <n03>, in queue <short>, as user <steinbac> in cluster <scuba_cluster1>.
</home/steinbac> was used as the home directory.
</projects/hpcsupport/steinbac/scads/snakemake/run_108_jobs> was used as the working directory.
Started at Mon Sep 21 01:17:05 2015
Results reported at Mon Sep 21 01:17:06 2015

Your job looked like:

------------------------------------------------------------
# LSBATCH: User input
/lustre/projects/hpcsupport/steinbac/scads/snakemake/run_108_jobs/.snakemake/tmp.OT8FJD/snakejob.final.594.sh
------------------------------------------------------------

Successfully completed.

Resource usage summary:

    CPU time   :      0.82 sec.
    Max Memory :         3 MB
    Max Swap   :        34 MB

    Max Processes  :         1
    Max Threads    :         1

The output (if any) follows:

>> Started at 1442791026.5158074
>> Finished at 1442791026.6223156
