Sender: LSF System <hpcadmin@n16>
Subject: Job 242974: </lustre/projects/hpcsupport/steinbac/scads/snakemake/run_84_jobs/.snakemake/tmp.T541I9/snakejob.final.594.sh> in cluster scuba_cluster1 Done

Job </lustre/projects/hpcsupport/steinbac/scads/snakemake/run_84_jobs/.snakemake/tmp.T541I9/snakejob.final.594.sh> was submitted from host <falcon> by user <steinbac> in cluster <scuba_cluster1>.
Job was executed on host(s) <n16>, in queue <short>, as user <steinbac> in cluster <scuba_cluster1>.
</home/steinbac> was used as the home directory.
</projects/hpcsupport/steinbac/scads/snakemake/run_84_jobs> was used as the working directory.
Started at Mon Sep 21 01:09:29 2015
Results reported at Mon Sep 21 01:09:30 2015

Your job looked like:

------------------------------------------------------------
# LSBATCH: User input
/lustre/projects/hpcsupport/steinbac/scads/snakemake/run_84_jobs/.snakemake/tmp.T541I9/snakejob.final.594.sh
------------------------------------------------------------

Successfully completed.

Resource usage summary:

    CPU time   :      0.85 sec.
    Max Memory :         3 MB
    Max Swap   :        33 MB

    Max Processes  :         1
    Max Threads    :         1

The output (if any) follows:

>> Started at 1442790570.637816
>> Finished at 1442790570.7452056
