Sender: LSF System <hpcadmin@n04>
Subject: Job 240585: </lustre/projects/hpcsupport/steinbac/scads/snakemake/run_48_jobs/.snakemake/tmp.GK01RU/snakejob.color_bootstrap_jpg.27.sh> in cluster scuba_cluster1 Done

Job </lustre/projects/hpcsupport/steinbac/scads/snakemake/run_48_jobs/.snakemake/tmp.GK01RU/snakejob.color_bootstrap_jpg.27.sh> was submitted from host <falcon> by user <steinbac> in cluster <scuba_cluster1>.
Job was executed on host(s) <n04>, in queue <short>, as user <steinbac> in cluster <scuba_cluster1>.
</home/steinbac> was used as the home directory.
</projects/hpcsupport/steinbac/scads/snakemake/run_48_jobs> was used as the working directory.
Started at Mon Sep 21 00:43:11 2015
Results reported at Mon Sep 21 00:43:13 2015

Your job looked like:

------------------------------------------------------------
# LSBATCH: User input
/lustre/projects/hpcsupport/steinbac/scads/snakemake/run_48_jobs/.snakemake/tmp.GK01RU/snakejob.color_bootstrap_jpg.27.sh
------------------------------------------------------------

Successfully completed.

Resource usage summary:

    CPU time   :      2.17 sec.
    Max Memory :         3 MB
    Max Swap   :        36 MB

    Max Processes  :         1
    Max Threads    :         1

The output (if any) follows:

>> Started at 1442788992.2817402
