Sender: LSF System <hpcadmin@n34>
Subject: Job 242391: </lustre/projects/hpcsupport/steinbac/scads/snakemake/run_84_jobs/.snakemake/tmp.T541I9/snakejob.color_bootstrap_jpg.33.sh> in cluster scuba_cluster1 Done

Job </lustre/projects/hpcsupport/steinbac/scads/snakemake/run_84_jobs/.snakemake/tmp.T541I9/snakejob.color_bootstrap_jpg.33.sh> was submitted from host <falcon> by user <steinbac> in cluster <scuba_cluster1>.
Job was executed on host(s) <n34>, in queue <short>, as user <steinbac> in cluster <scuba_cluster1>.
</home/steinbac> was used as the home directory.
</projects/hpcsupport/steinbac/scads/snakemake/run_84_jobs> was used as the working directory.
Started at Mon Sep 21 01:06:24 2015
Results reported at Mon Sep 21 01:06:26 2015

Your job looked like:

------------------------------------------------------------
# LSBATCH: User input
/lustre/projects/hpcsupport/steinbac/scads/snakemake/run_84_jobs/.snakemake/tmp.T541I9/snakejob.color_bootstrap_jpg.33.sh
------------------------------------------------------------

Successfully completed.

Resource usage summary:

    CPU time   :      1.88 sec.
    Max Memory :         3 MB
    Max Swap   :        30 MB

    Max Processes  :         1
    Max Threads    :         1

The output (if any) follows:

>> Started at 1442790385.2824018
