Sender: LSF System <hpcadmin@n27>
Subject: Job 241747: </lustre/projects/hpcsupport/steinbac/scads/snakemake/run_60_jobs/.snakemake/tmp.QEMLVJ/snakejob.final.594.sh> in cluster scuba_cluster1 Done

Job </lustre/projects/hpcsupport/steinbac/scads/snakemake/run_60_jobs/.snakemake/tmp.QEMLVJ/snakejob.final.594.sh> was submitted from host <falcon> by user <steinbac> in cluster <scuba_cluster1>.
Job was executed on host(s) <n27>, in queue <short>, as user <steinbac> in cluster <scuba_cluster1>.
</home/steinbac> was used as the home directory.
</projects/hpcsupport/steinbac/scads/snakemake/run_60_jobs> was used as the working directory.
Started at Mon Sep 21 01:01:51 2015
Results reported at Mon Sep 21 01:01:52 2015

Your job looked like:

------------------------------------------------------------
# LSBATCH: User input
/lustre/projects/hpcsupport/steinbac/scads/snakemake/run_60_jobs/.snakemake/tmp.QEMLVJ/snakejob.final.594.sh
------------------------------------------------------------

Successfully completed.

Resource usage summary:

    CPU time   :      0.83 sec.
    Max Memory :         3 MB
    Max Swap   :        34 MB

    Max Processes  :         1
    Max Threads    :         1

The output (if any) follows:

>> Started at 1442790112.1952975
>> Finished at 1442790112.3047838
