Sender: LSF System <hpcadmin@n34>
Subject: Job 243029: </lustre/projects/hpcsupport/steinbac/scads/snakemake/run_96_jobs/.snakemake/tmp.031AKS/snakejob.color_bootstrap_jpg.54.sh> in cluster scuba_cluster1 Done

Job </lustre/projects/hpcsupport/steinbac/scads/snakemake/run_96_jobs/.snakemake/tmp.031AKS/snakejob.color_bootstrap_jpg.54.sh> was submitted from host <falcon> by user <steinbac> in cluster <scuba_cluster1>.
Job was executed on host(s) <n34>, in queue <short>, as user <steinbac> in cluster <scuba_cluster1>.
</home/steinbac> was used as the home directory.
</projects/hpcsupport/steinbac/scads/snakemake/run_96_jobs> was used as the working directory.
Started at Mon Sep 21 01:10:25 2015
Results reported at Mon Sep 21 01:10:27 2015

Your job looked like:

------------------------------------------------------------
# LSBATCH: User input
/lustre/projects/hpcsupport/steinbac/scads/snakemake/run_96_jobs/.snakemake/tmp.031AKS/snakejob.color_bootstrap_jpg.54.sh
------------------------------------------------------------

Successfully completed.

Resource usage summary:

    CPU time   :      1.98 sec.
    Max Memory :         3 MB
    Max Swap   :        30 MB

    Max Processes  :         1
    Max Threads    :         1

The output (if any) follows:

>> Started at 1442790625.9612782
