Sender: LSF System <hpcadmin@n09>
Subject: Job 241152: </lustre/projects/hpcsupport/steinbac/scads/snakemake/run_48_jobs/.snakemake/tmp.GK01RU/snakejob.final.594.sh> in cluster scuba_cluster1 Done

Job </lustre/projects/hpcsupport/steinbac/scads/snakemake/run_48_jobs/.snakemake/tmp.GK01RU/snakejob.final.594.sh> was submitted from host <falcon> by user <steinbac> in cluster <scuba_cluster1>.
Job was executed on host(s) <n09>, in queue <short>, as user <steinbac> in cluster <scuba_cluster1>.
</home/steinbac> was used as the home directory.
</projects/hpcsupport/steinbac/scads/snakemake/run_48_jobs> was used as the working directory.
Started at Mon Sep 21 00:52:08 2015
Results reported at Mon Sep 21 00:52:09 2015

Your job looked like:

------------------------------------------------------------
# LSBATCH: User input
/lustre/projects/hpcsupport/steinbac/scads/snakemake/run_48_jobs/.snakemake/tmp.GK01RU/snakejob.final.594.sh
------------------------------------------------------------

Successfully completed.

Resource usage summary:

    CPU time   :      0.83 sec.
    Max Memory :         3 MB
    Max Swap   :        37 MB

    Max Processes  :         1
    Max Threads    :         1

The output (if any) follows:

>> Started at 1442789529.1541884
>> Finished at 1442789529.26611
