Sender: LSF System <hpcadmin@n42>
Subject: Job 284841: <spark_pythonbootstrap> in cluster scuba_cluster1 Done

Job <spark_pythonbootstrap> was submitted from host <falcon> by user <steinbac> in cluster <scuba_cluster1>.
Job was executed on host(s) <12*n42>, in queue <gpu>, as user <steinbac> in cluster <scuba_cluster1>.
                            <12*n41>
                            <12*n44>
</home/steinbac> was used as the home directory.
</projects/hpcsupport/steinbac/scads/spark/big_36_jobs> was used as the working directory.
Started at Thu Sep 24 16:29:34 2015
Results reported at Thu Sep 24 17:08:51 2015

Your job looked like:

------------------------------------------------------------
# LSBATCH: User input
#!/bin/sh
#BSUB -J spark_pythonbootstrap
#BSUB -W 00:40 
#BSUB -oo big_pythonbootstrap_%J.log

if [[ -z $SPARK_HOME ]];then
export SPARK_HOME=$HOME/software/spark/1.5.0
fi

# initialize the nodes
python /home/steinbac/development/scads_snakemake_vs_spark/spark/setup/start_spark_lsf.py -m 4G -s /scratch/users/$USER

# creates the slaves file, starts the spark master and worker processes using mpirun
# the "-c" option specifies number of cores per worker
# -m specifies SPARK_MEMORY

# the specific example runs spark's pi estimation with a slices = 100 (first and only argument)
CWD=/projects/hpcsupport/steinbac/scads/spark/big_${LSB_DJOB_NUMPROC}_jobs

STARTEPOCH=`date +%s`
set -x
$SPARK_HOME/bin/spark-submit --master spark://$HOSTNAME:7077 --total-executor-cores ${LSB_DJOB_NUMPROC} ${CWD}/drive_bootstrap.py ${CWD} "rotate_only"
set +x
ENDEPOCH=`date +%s`
echo "spark-submit took " $((ENDEPOCH-STARTEPOCH)) " s"

SPARK_SLAVES=/scratch/users/$USER/slaves_$LSB_JOBID
$SPARK_HOME/sbin/stop-all.sh
$SPARK_HOME/sbin/stop-slaves.sh
echo "cleanup slaves file $SPARK_SLAVES"
rm -v $SPARK_SLAVES

------------------------------------------------------------

Successfully completed.

Resource usage summary:

    CPU time   :     59.00 sec.
    Max Memory :       914 MB
    Max Swap   :     14151 MB

    Max Processes  :         6
    Max Threads    :       137

The output (if any) follows:

>> LSB_MCPU_HOSTS n42 12 n41 12 n44 12 
>> found hosts:  ['n42', 'n41', 'n44']
master command  /sw/users/steinbac/software/spark/1.5.0/sbin/start-master.sh
starting org.apache.spark.deploy.master.Master, logging to /lustre/projects/hpcsupport/steinbac/software/spark/spark-1.5.0-bin-hadoop2.6/sbin/../logs/spark-steinbac-org.apache.spark.deploy.master.Master-1-n42.out

master set to  n42
>> slave 0/3	ssh n42 /sw/users/steinbac/software/spark/1.5.0/sbin/stop-slaves.sh
localhost: stopping org.apache.spark.deploy.worker.Worker

>> slave 0/3	ssh n42 /sw/users/steinbac/software/spark/1.5.0/sbin/start-slave.sh  -c 12 -m 4G spark://n42:7077 &
starting org.apache.spark.deploy.worker.Worker, logging to /lustre/projects/hpcsupport/steinbac/software/spark/spark-1.5.0-bin-hadoop2.6/sbin/../logs/spark-steinbac-org.apache.spark.deploy.worker.Worker-1-n42.out

>> slave 1/3	ssh n41 /sw/users/steinbac/software/spark/1.5.0/sbin/stop-slaves.sh
localhost: no org.apache.spark.deploy.worker.Worker to stop

>> slave 1/3	ssh n41 /sw/users/steinbac/software/spark/1.5.0/sbin/start-slave.sh  -c 12 -m 4G spark://n42:7077 &
starting org.apache.spark.deploy.worker.Worker, logging to /lustre/projects/hpcsupport/steinbac/software/spark/spark-1.5.0-bin-hadoop2.6/sbin/../logs/spark-steinbac-org.apache.spark.deploy.worker.Worker-1-n41.out

>> slave 2/3	ssh n44 /sw/users/steinbac/software/spark/1.5.0/sbin/stop-slaves.sh
localhost: no org.apache.spark.deploy.worker.Worker to stop

>> slave 2/3	ssh n44 /sw/users/steinbac/software/spark/1.5.0/sbin/start-slave.sh  -c 12 -m 4G spark://n42:7077 &
starting org.apache.spark.deploy.worker.Worker, logging to /lustre/projects/hpcsupport/steinbac/software/spark/spark-1.5.0-bin-hadoop2.6/sbin/../logs/spark-steinbac-org.apache.spark.deploy.worker.Worker-1-n44.out

+ /sw/users/steinbac/software/spark/1.5.0/bin/spark-submit --master spark://n42:7077 --total-executor-cores 36 /projects/hpcsupport/steinbac/scads/spark/big_36_jobs/drive_bootstrap.py /projects/hpcsupport/steinbac/scads/spark/big_36_jobs rotate_only
[drive_bootstrap.py] distributing 330 files from /projects/hpcsupport/steinbac/scads/spark/big_36_jobs
Using Spark's default log4j profile: org/apache/spark/log4j-defaults.properties
15/09/24 16:29:47 INFO SparkContext: Running Spark version 1.5.0
15/09/24 16:29:47 WARN NativeCodeLoader: Unable to load native-hadoop library for your platform... using builtin-java classes where applicable
15/09/24 16:29:47 INFO SecurityManager: Changing view acls to: steinbac
15/09/24 16:29:47 INFO SecurityManager: Changing modify acls to: steinbac
15/09/24 16:29:47 INFO SecurityManager: SecurityManager: authentication disabled; ui acls disabled; users with view permissions: Set(steinbac); users with modify permissions: Set(steinbac)
15/09/24 16:29:48 INFO Slf4jLogger: Slf4jLogger started
15/09/24 16:29:48 INFO Remoting: Starting remoting
15/09/24 16:29:48 INFO Remoting: Remoting started; listening on addresses :[akka.tcp://sparkDriver@192.168.0.42:38808]
15/09/24 16:29:48 INFO Utils: Successfully started service 'sparkDriver' on port 38808.
15/09/24 16:29:48 INFO SparkEnv: Registering MapOutputTracker
15/09/24 16:29:48 INFO SparkEnv: Registering BlockManagerMaster
15/09/24 16:29:48 INFO DiskBlockManager: Created local directory at /tmp/blockmgr-853fee4c-787c-444d-9b36-1460af73876f
15/09/24 16:29:48 INFO MemoryStore: MemoryStore started with capacity 530.0 MB
15/09/24 16:29:48 INFO HttpFileServer: HTTP File server directory is /tmp/spark-2dfd71df-bd1f-4536-80cd-371d2ed0a0a4/httpd-b043c9c0-aacd-4f86-b79c-d4c16d4ceefe
15/09/24 16:29:48 INFO HttpServer: Starting HTTP Server
15/09/24 16:29:48 INFO Utils: Successfully started service 'HTTP file server' on port 44227.
15/09/24 16:29:48 INFO SparkEnv: Registering OutputCommitCoordinator
15/09/24 16:29:49 INFO Utils: Successfully started service 'SparkUI' on port 4040.
15/09/24 16:29:49 INFO SparkUI: Started SparkUI at http://192.168.0.42:4040
15/09/24 16:29:49 INFO Utils: Copying /projects/hpcsupport/steinbac/scads/spark/big_36_jobs/drive_bootstrap.py to /tmp/spark-2dfd71df-bd1f-4536-80cd-371d2ed0a0a4/userFiles-47d644a5-7f59-4dff-95c4-e79fac799dcb/drive_bootstrap.py
15/09/24 16:29:49 INFO SparkContext: Added file file:/projects/hpcsupport/steinbac/scads/spark/big_36_jobs/drive_bootstrap.py at http://192.168.0.42:44227/files/drive_bootstrap.py with timestamp 1443104989172
15/09/24 16:29:49 WARN MetricsSystem: Using default name DAGScheduler for source because spark.app.id is not set.
15/09/24 16:29:49 INFO AppClient$ClientEndpoint: Connecting to master spark://n42:7077...
15/09/24 16:29:49 INFO SparkDeploySchedulerBackend: Connected to Spark cluster with app ID app-20150924162949-0000
15/09/24 16:29:49 INFO AppClient$ClientEndpoint: Executor added: app-20150924162949-0000/0 on worker-20150924162920-192.168.0.43-56234 (192.168.0.43:56234) with 9 cores
15/09/24 16:29:49 INFO SparkDeploySchedulerBackend: Granted executor ID app-20150924162949-0000/0 on hostPort 192.168.0.43:56234 with 9 cores, 1024.0 MB RAM
15/09/24 16:29:49 INFO AppClient$ClientEndpoint: Executor added: app-20150924162949-0000/1 on worker-20150924162939-192.168.0.42-47051 (192.168.0.42:47051) with 9 cores
15/09/24 16:29:49 INFO SparkDeploySchedulerBackend: Granted executor ID app-20150924162949-0000/1 on hostPort 192.168.0.42:47051 with 9 cores, 1024.0 MB RAM
15/09/24 16:29:49 INFO AppClient$ClientEndpoint: Executor added: app-20150924162949-0000/2 on worker-20150924162942-192.168.0.41-42561 (192.168.0.41:42561) with 9 cores
15/09/24 16:29:49 INFO SparkDeploySchedulerBackend: Granted executor ID app-20150924162949-0000/2 on hostPort 192.168.0.41:42561 with 9 cores, 1024.0 MB RAM
15/09/24 16:29:49 INFO AppClient$ClientEndpoint: Executor added: app-20150924162949-0000/3 on worker-20150924162947-192.168.0.44-43696 (192.168.0.44:43696) with 9 cores
15/09/24 16:29:49 INFO SparkDeploySchedulerBackend: Granted executor ID app-20150924162949-0000/3 on hostPort 192.168.0.44:43696 with 9 cores, 1024.0 MB RAM
15/09/24 16:29:49 INFO AppClient$ClientEndpoint: Executor updated: app-20150924162949-0000/0 is now RUNNING
15/09/24 16:29:49 INFO AppClient$ClientEndpoint: Executor updated: app-20150924162949-0000/0 is now LOADING
15/09/24 16:29:49 INFO AppClient$ClientEndpoint: Executor updated: app-20150924162949-0000/1 is now RUNNING
15/09/24 16:29:49 INFO AppClient$ClientEndpoint: Executor updated: app-20150924162949-0000/2 is now RUNNING
15/09/24 16:29:49 INFO AppClient$ClientEndpoint: Executor updated: app-20150924162949-0000/3 is now RUNNING
15/09/24 16:29:49 INFO AppClient$ClientEndpoint: Executor updated: app-20150924162949-0000/1 is now LOADING
15/09/24 16:29:49 INFO AppClient$ClientEndpoint: Executor updated: app-20150924162949-0000/2 is now LOADING
15/09/24 16:29:49 INFO AppClient$ClientEndpoint: Executor updated: app-20150924162949-0000/3 is now LOADING
15/09/24 16:29:49 INFO Utils: Successfully started service 'org.apache.spark.network.netty.NettyBlockTransferService' on port 49603.
15/09/24 16:29:49 INFO NettyBlockTransferService: Server created on 49603
15/09/24 16:29:49 INFO BlockManagerMaster: Trying to register BlockManager
15/09/24 16:29:49 INFO BlockManagerMasterEndpoint: Registering block manager 192.168.0.42:49603 with 530.0 MB RAM, BlockManagerId(driver, 192.168.0.42, 49603)
15/09/24 16:29:49 INFO BlockManagerMaster: Registered BlockManager
15/09/24 16:29:49 INFO SparkDeploySchedulerBackend: SchedulerBackend is ready for scheduling beginning after reached minRegisteredResourcesRatio: 0.0
15/09/24 16:29:49 INFO Utils: /projects/hpcsupport/steinbac/scads/spark/big_36_jobs/drive_bootstrap.py has been previously copied to /tmp/spark-2dfd71df-bd1f-4536-80cd-371d2ed0a0a4/userFiles-47d644a5-7f59-4dff-95c4-e79fac799dcb/drive_bootstrap.py
15/09/24 16:29:49 INFO SparkContext: Added file /projects/hpcsupport/steinbac/scads/spark/big_36_jobs/drive_bootstrap.py at http://192.168.0.42:44227/files/drive_bootstrap.py with timestamp 1443104989919
15/09/24 16:29:49 INFO Utils: Copying /home/steinbac/development/scads_snakemake_vs_spark/python/bootstrap_utils.py to /tmp/spark-2dfd71df-bd1f-4536-80cd-371d2ed0a0a4/userFiles-47d644a5-7f59-4dff-95c4-e79fac799dcb/bootstrap_utils.py
15/09/24 16:29:49 INFO SparkContext: Added file /home/steinbac/development/scads_snakemake_vs_spark/python/bootstrap_utils.py at http://192.168.0.42:44227/files/bootstrap_utils.py with timestamp 1443104989928
15/09/24 16:29:50 INFO SparkContext: Starting job: reduce at /projects/hpcsupport/steinbac/scads/spark/big_36_jobs/drive_bootstrap.py:114
15/09/24 16:29:50 INFO DAGScheduler: Got job 0 (reduce at /projects/hpcsupport/steinbac/scads/spark/big_36_jobs/drive_bootstrap.py:114) with 2 output partitions
15/09/24 16:29:50 INFO DAGScheduler: Final stage: ResultStage 0(reduce at /projects/hpcsupport/steinbac/scads/spark/big_36_jobs/drive_bootstrap.py:114)
15/09/24 16:29:50 INFO DAGScheduler: Parents of final stage: List()
15/09/24 16:29:50 INFO DAGScheduler: Missing parents: List()
15/09/24 16:29:50 INFO DAGScheduler: Submitting ResultStage 0 (PythonRDD[1] at reduce at /projects/hpcsupport/steinbac/scads/spark/big_36_jobs/drive_bootstrap.py:114), which has no missing parents
15/09/24 16:29:50 INFO MemoryStore: ensureFreeSpace(5000) called with curMem=0, maxMem=555755765
15/09/24 16:29:50 INFO MemoryStore: Block broadcast_0 stored as values in memory (estimated size 4.9 KB, free 530.0 MB)
15/09/24 16:29:50 INFO MemoryStore: ensureFreeSpace(3272) called with curMem=5000, maxMem=555755765
15/09/24 16:29:50 INFO MemoryStore: Block broadcast_0_piece0 stored as bytes in memory (estimated size 3.2 KB, free 530.0 MB)
15/09/24 16:29:50 INFO BlockManagerInfo: Added broadcast_0_piece0 in memory on 192.168.0.42:49603 (size: 3.2 KB, free: 530.0 MB)
15/09/24 16:29:50 INFO SparkContext: Created broadcast 0 from broadcast at DAGScheduler.scala:861
15/09/24 16:29:50 INFO DAGScheduler: Submitting 2 missing tasks from ResultStage 0 (PythonRDD[1] at reduce at /projects/hpcsupport/steinbac/scads/spark/big_36_jobs/drive_bootstrap.py:114)
15/09/24 16:29:50 INFO TaskSchedulerImpl: Adding task set 0.0 with 2 tasks
15/09/24 16:29:52 INFO SparkDeploySchedulerBackend: Registered executor: AkkaRpcEndpointRef(Actor[akka.tcp://sparkExecutor@192.168.0.42:38956/user/Executor#373524760]) with ID 1
15/09/24 16:29:52 INFO TaskSetManager: Starting task 0.0 in stage 0.0 (TID 0, 192.168.0.42, PROCESS_LOCAL, 13484 bytes)
15/09/24 16:29:52 INFO TaskSetManager: Starting task 1.0 in stage 0.0 (TID 1, 192.168.0.42, PROCESS_LOCAL, 13484 bytes)
15/09/24 16:29:52 INFO SparkDeploySchedulerBackend: Registered executor: AkkaRpcEndpointRef(Actor[akka.tcp://sparkExecutor@192.168.0.41:50064/user/Executor#2036378166]) with ID 2
15/09/24 16:29:52 INFO BlockManagerMasterEndpoint: Registering block manager 192.168.0.42:51277 with 530.0 MB RAM, BlockManagerId(1, 192.168.0.42, 51277)
15/09/24 16:29:52 INFO BlockManagerMasterEndpoint: Registering block manager 192.168.0.41:47950 with 530.0 MB RAM, BlockManagerId(2, 192.168.0.41, 47950)
15/09/24 16:29:52 INFO BlockManagerInfo: Added broadcast_0_piece0 in memory on 192.168.0.42:51277 (size: 3.2 KB, free: 530.0 MB)
15/09/24 16:29:54 INFO SparkDeploySchedulerBackend: Registered executor: AkkaRpcEndpointRef(Actor[akka.tcp://sparkExecutor@192.168.0.43:52371/user/Executor#689739398]) with ID 0
15/09/24 16:29:54 INFO SparkDeploySchedulerBackend: Registered executor: AkkaRpcEndpointRef(Actor[akka.tcp://sparkExecutor@192.168.0.44:36886/user/Executor#-1310539296]) with ID 3
15/09/24 16:29:55 INFO BlockManagerMasterEndpoint: Registering block manager 192.168.0.43:50980 with 530.0 MB RAM, BlockManagerId(0, 192.168.0.43, 50980)
15/09/24 16:29:55 INFO BlockManagerMasterEndpoint: Registering block manager 192.168.0.44:34357 with 530.0 MB RAM, BlockManagerId(3, 192.168.0.44, 34357)
15/09/24 17:08:48 INFO TaskSetManager: Finished task 1.0 in stage 0.0 (TID 1) in 2336637 ms on 192.168.0.42 (1/2)
15/09/24 17:08:49 INFO TaskSetManager: Finished task 0.0 in stage 0.0 (TID 0) in 2337546 ms on 192.168.0.42 (2/2)
15/09/24 17:08:49 INFO TaskSchedulerImpl: Removed TaskSet 0.0, whose tasks have all completed, from pool 
15/09/24 17:08:49 INFO DAGScheduler: ResultStage 0 (reduce at /projects/hpcsupport/steinbac/scads/spark/big_36_jobs/drive_bootstrap.py:114) finished in 2339.232 s
15/09/24 17:08:49 INFO DAGScheduler: Job 0 finished: reduce at /projects/hpcsupport/steinbac/scads/spark/big_36_jobs/drive_bootstrap.py:114, took 2339.417337 s
15/09/24 17:08:49 INFO SparkUI: Stopped Spark web UI at http://192.168.0.42:4040
15/09/24 17:08:49 INFO DAGScheduler: Stopping DAGScheduler
15/09/24 17:08:49 INFO SparkDeploySchedulerBackend: Shutting down all executors
15/09/24 17:08:49 INFO SparkDeploySchedulerBackend: Asking each executor to shut down
15/09/24 17:08:49 INFO MapOutputTrackerMasterEndpoint: MapOutputTrackerMasterEndpoint stopped!
15/09/24 17:08:49 INFO MemoryStore: MemoryStore cleared
15/09/24 17:08:49 INFO BlockManager: BlockManager stopped
15/09/24 17:08:49 INFO BlockManagerMaster: BlockManagerMaster stopped
15/09/24 17:08:49 INFO OutputCommitCoordinator$OutputCommitCoordinatorEndpoint: OutputCommitCoordinator stopped!
15/09/24 17:08:49 INFO SparkContext: Successfully stopped SparkContext
15/09/24 17:08:49 INFO RemoteActorRefProvider$RemotingTerminator: Shutting down remote daemon.
15/09/24 17:08:49 INFO RemoteActorRefProvider$RemotingTerminator: Remote daemon shut down; proceeding with flushing remote transports.
15/09/24 17:08:49 INFO RemoteActorRefProvider$RemotingTerminator: Remoting shut down.
/projects/hpcsupport/steinbac/scads/spark/big_36_jobs/drive_bootstrap.py  took  2343.51705098  s
15/09/24 17:08:50 INFO ShutdownHookManager: Shutdown hook called
15/09/24 17:08:50 INFO ShutdownHookManager: Deleting directory /tmp/spark-2dfd71df-bd1f-4536-80cd-371d2ed0a0a4
+ set +x
spark-submit took  2346  s
localhost: stopping org.apache.spark.deploy.worker.Worker
stopping org.apache.spark.deploy.master.Master
localhost: no org.apache.spark.deploy.worker.Worker to stop
cleanup slaves file /scratch/users/steinbac/slaves_284841
removed `/scratch/users/steinbac/slaves_284841'
