Sender: LSF System <hpcadmin@n44>
Subject: Job 282404: <spark_pythonbootstrap> in cluster scuba_cluster1 Done

Job <spark_pythonbootstrap> was submitted from host <falcon> by user <steinbac> in cluster <scuba_cluster1>.
Job was executed on host(s) <6*n44>, in queue <gpu>, as user <steinbac> in cluster <scuba_cluster1>.
                            <6*n41>
</home/steinbac> was used as the home directory.
</projects/hpcsupport/steinbac/scads/spark/gpu_12_jobs> was used as the working directory.
Started at Thu Sep 24 13:44:11 2015
Results reported at Thu Sep 24 14:13:55 2015

Your job looked like:

------------------------------------------------------------
# LSBATCH: User input
#!/bin/sh
#BSUB -J spark_pythonbootstrap
#BSUB -W 00:40 
#BSUB -oo spark_pythonbootstrap_%J_${LSB_DJOB_NUMPROC}.log

if [[ -z $SPARK_HOME ]];then
export SPARK_HOME=$HOME/software/spark/1.5.0
fi

# initialize the nodes
python /home/steinbac/development/scads_snakemake_vs_spark/spark/setup/start_spark_lsf.py -m 4G -s /scratch/users/$USER

# creates the slaves file, starts the spark master and worker processes using mpirun
# the "-c" option specifies number of cores per worker
# -m specifies SPARK_MEMORY

# the specific example runs spark's pi estimation with a slices = 100 (first and only argument)
CWD=/projects/hpcsupport/steinbac/scads/spark/gpu_${LSB_DJOB_NUMPROC}_jobs

STARTEPOCH=`date +%s`
set -x
$SPARK_HOME/bin/spark-submit --master spark://$HOSTNAME:7077 --total-executor-cores ${LSB_DJOB_NUMPROC} ${CWD}/drive_bootstrap.py ${CWD} "rotate_only"
set +x
ENDEPOCH=`date +%s`
echo "spark-submit took " $((ENDEPOCH-STARTEPOCH)) " s"

SPARK_SLAVES=/scratch/users/$USER/slaves_$LSB_JOBID
$SPARK_HOME/sbin/stop-all.sh
$SPARK_HOME/sbin/stop-slaves.sh
echo "cleanup slaves file $SPARK_SLAVES"
rm -v $SPARK_SLAVES

------------------------------------------------------------

Successfully completed.

Resource usage summary:

    CPU time   :     73.00 sec.
    Max Memory :       801 MB
    Max Swap   :     14167 MB

    Max Processes  :         6
    Max Threads    :       137

The output (if any) follows:

>> LSB_MCPU_HOSTS n44 6 n41 6 
>> found hosts:  ['n44', 'n41']
master command  /sw/users/steinbac/software/spark/1.5.0/sbin/start-master.sh
starting org.apache.spark.deploy.master.Master, logging to /lustre/projects/hpcsupport/steinbac/software/spark/spark-1.5.0-bin-hadoop2.6/sbin/../logs/spark-steinbac-org.apache.spark.deploy.master.Master-1-n44.out

master set to  n44
>> slave 0/2	ssh n44 /sw/users/steinbac/software/spark/1.5.0/sbin/stop-slaves.sh
localhost: stopping org.apache.spark.deploy.worker.Worker

>> slave 0/2	ssh n44 /sw/users/steinbac/software/spark/1.5.0/sbin/start-slave.sh  -c 6 -m 4G spark://n44:7077 &
starting org.apache.spark.deploy.worker.Worker, logging to /lustre/projects/hpcsupport/steinbac/software/spark/spark-1.5.0-bin-hadoop2.6/sbin/../logs/spark-steinbac-org.apache.spark.deploy.worker.Worker-1-n44.out

>> slave 1/2	ssh n41 /sw/users/steinbac/software/spark/1.5.0/sbin/stop-slaves.sh
localhost: stopping org.apache.spark.deploy.worker.Worker

>> slave 1/2	ssh n41 /sw/users/steinbac/software/spark/1.5.0/sbin/start-slave.sh  -c 6 -m 4G spark://n44:7077 &
starting org.apache.spark.deploy.worker.Worker, logging to /lustre/projects/hpcsupport/steinbac/software/spark/spark-1.5.0-bin-hadoop2.6/sbin/../logs/spark-steinbac-org.apache.spark.deploy.worker.Worker-1-n41.out

+ /sw/users/steinbac/software/spark/1.5.0/bin/spark-submit --master spark://n44:7077 --total-executor-cores 12 /projects/hpcsupport/steinbac/scads/spark/gpu_12_jobs/drive_bootstrap.py /projects/hpcsupport/steinbac/scads/spark/gpu_12_jobs rotate_only
[drive_bootstrap.py] distributing 592 files from /projects/hpcsupport/steinbac/scads/spark/gpu_12_jobs
Using Spark's default log4j profile: org/apache/spark/log4j-defaults.properties
15/09/24 13:44:24 INFO SparkContext: Running Spark version 1.5.0
15/09/24 13:44:25 WARN NativeCodeLoader: Unable to load native-hadoop library for your platform... using builtin-java classes where applicable
15/09/24 13:44:25 INFO SecurityManager: Changing view acls to: steinbac
15/09/24 13:44:25 INFO SecurityManager: Changing modify acls to: steinbac
15/09/24 13:44:25 INFO SecurityManager: SecurityManager: authentication disabled; ui acls disabled; users with view permissions: Set(steinbac); users with modify permissions: Set(steinbac)
15/09/24 13:44:26 INFO Slf4jLogger: Slf4jLogger started
15/09/24 13:44:26 INFO Remoting: Starting remoting
15/09/24 13:44:27 INFO Remoting: Remoting started; listening on addresses :[akka.tcp://sparkDriver@192.168.0.44:41972]
15/09/24 13:44:27 INFO Utils: Successfully started service 'sparkDriver' on port 41972.
15/09/24 13:44:27 INFO SparkEnv: Registering MapOutputTracker
15/09/24 13:44:27 INFO SparkEnv: Registering BlockManagerMaster
15/09/24 13:44:27 INFO DiskBlockManager: Created local directory at /tmp/blockmgr-b4504c9e-db08-49f1-a030-9b2a6db1a5ff
15/09/24 13:44:27 INFO MemoryStore: MemoryStore started with capacity 530.0 MB
15/09/24 13:44:27 INFO HttpFileServer: HTTP File server directory is /tmp/spark-5d20a89e-034a-4194-8a01-610ff5440004/httpd-2a40c3c9-411c-46fc-bea2-a9ca07ac4744
15/09/24 13:44:27 INFO HttpServer: Starting HTTP Server
15/09/24 13:44:27 INFO Utils: Successfully started service 'HTTP file server' on port 42986.
15/09/24 13:44:27 INFO SparkEnv: Registering OutputCommitCoordinator
15/09/24 13:44:27 INFO Utils: Successfully started service 'SparkUI' on port 4040.
15/09/24 13:44:27 INFO SparkUI: Started SparkUI at http://192.168.0.44:4040
15/09/24 13:44:28 INFO Utils: Copying /projects/hpcsupport/steinbac/scads/spark/gpu_12_jobs/drive_bootstrap.py to /tmp/spark-5d20a89e-034a-4194-8a01-610ff5440004/userFiles-1232c9ad-e681-48fc-8d97-c31185e3b0d3/drive_bootstrap.py
15/09/24 13:44:28 INFO SparkContext: Added file file:/projects/hpcsupport/steinbac/scads/spark/gpu_12_jobs/drive_bootstrap.py at http://192.168.0.44:42986/files/drive_bootstrap.py with timestamp 1443095068197
15/09/24 13:44:28 WARN MetricsSystem: Using default name DAGScheduler for source because spark.app.id is not set.
15/09/24 13:44:28 INFO AppClient$ClientEndpoint: Connecting to master spark://n44:7077...
15/09/24 13:44:28 INFO SparkDeploySchedulerBackend: Connected to Spark cluster with app ID app-20150924134428-0000
15/09/24 13:44:28 INFO AppClient$ClientEndpoint: Executor added: app-20150924134428-0000/0 on worker-20150924134420-192.168.0.41-56910 (192.168.0.41:56910) with 6 cores
15/09/24 13:44:28 INFO SparkDeploySchedulerBackend: Granted executor ID app-20150924134428-0000/0 on hostPort 192.168.0.41:56910 with 6 cores, 1024.0 MB RAM
15/09/24 13:44:28 INFO AppClient$ClientEndpoint: Executor added: app-20150924134428-0000/1 on worker-20150924134419-192.168.0.44-41195 (192.168.0.44:41195) with 6 cores
15/09/24 13:44:28 INFO SparkDeploySchedulerBackend: Granted executor ID app-20150924134428-0000/1 on hostPort 192.168.0.44:41195 with 6 cores, 1024.0 MB RAM
15/09/24 13:44:29 INFO AppClient$ClientEndpoint: Executor updated: app-20150924134428-0000/0 is now RUNNING
15/09/24 13:44:29 INFO AppClient$ClientEndpoint: Executor updated: app-20150924134428-0000/1 is now RUNNING
15/09/24 13:44:29 INFO AppClient$ClientEndpoint: Executor updated: app-20150924134428-0000/0 is now LOADING
15/09/24 13:44:29 INFO AppClient$ClientEndpoint: Executor updated: app-20150924134428-0000/1 is now LOADING
15/09/24 13:44:29 INFO Utils: Successfully started service 'org.apache.spark.network.netty.NettyBlockTransferService' on port 56994.
15/09/24 13:44:29 INFO NettyBlockTransferService: Server created on 56994
15/09/24 13:44:29 INFO BlockManagerMaster: Trying to register BlockManager
15/09/24 13:44:29 INFO BlockManagerMasterEndpoint: Registering block manager 192.168.0.44:56994 with 530.0 MB RAM, BlockManagerId(driver, 192.168.0.44, 56994)
15/09/24 13:44:29 INFO BlockManagerMaster: Registered BlockManager
15/09/24 13:44:29 INFO SparkDeploySchedulerBackend: SchedulerBackend is ready for scheduling beginning after reached minRegisteredResourcesRatio: 0.0
15/09/24 13:44:29 INFO Utils: /projects/hpcsupport/steinbac/scads/spark/gpu_12_jobs/drive_bootstrap.py has been previously copied to /tmp/spark-5d20a89e-034a-4194-8a01-610ff5440004/userFiles-1232c9ad-e681-48fc-8d97-c31185e3b0d3/drive_bootstrap.py
15/09/24 13:44:29 INFO SparkContext: Added file /projects/hpcsupport/steinbac/scads/spark/gpu_12_jobs/drive_bootstrap.py at http://192.168.0.44:42986/files/drive_bootstrap.py with timestamp 1443095069750
15/09/24 13:44:29 INFO Utils: Copying /home/steinbac/development/scads_snakemake_vs_spark/python/bootstrap_utils.py to /tmp/spark-5d20a89e-034a-4194-8a01-610ff5440004/userFiles-1232c9ad-e681-48fc-8d97-c31185e3b0d3/bootstrap_utils.py
15/09/24 13:44:29 INFO SparkContext: Added file /home/steinbac/development/scads_snakemake_vs_spark/python/bootstrap_utils.py at http://192.168.0.44:42986/files/bootstrap_utils.py with timestamp 1443095069766
15/09/24 13:44:30 INFO SparkContext: Starting job: reduce at /projects/hpcsupport/steinbac/scads/spark/gpu_12_jobs/drive_bootstrap.py:114
15/09/24 13:44:30 INFO DAGScheduler: Got job 0 (reduce at /projects/hpcsupport/steinbac/scads/spark/gpu_12_jobs/drive_bootstrap.py:114) with 2 output partitions
15/09/24 13:44:30 INFO DAGScheduler: Final stage: ResultStage 0(reduce at /projects/hpcsupport/steinbac/scads/spark/gpu_12_jobs/drive_bootstrap.py:114)
15/09/24 13:44:30 INFO DAGScheduler: Parents of final stage: List()
15/09/24 13:44:30 INFO DAGScheduler: Missing parents: List()
15/09/24 13:44:30 INFO DAGScheduler: Submitting ResultStage 0 (PythonRDD[1] at reduce at /projects/hpcsupport/steinbac/scads/spark/gpu_12_jobs/drive_bootstrap.py:114), which has no missing parents
15/09/24 13:44:30 INFO MemoryStore: ensureFreeSpace(5000) called with curMem=0, maxMem=555755765
15/09/24 13:44:30 INFO MemoryStore: Block broadcast_0 stored as values in memory (estimated size 4.9 KB, free 530.0 MB)
15/09/24 13:44:30 INFO MemoryStore: ensureFreeSpace(3273) called with curMem=5000, maxMem=555755765
15/09/24 13:44:30 INFO MemoryStore: Block broadcast_0_piece0 stored as bytes in memory (estimated size 3.2 KB, free 530.0 MB)
15/09/24 13:44:30 INFO BlockManagerInfo: Added broadcast_0_piece0 in memory on 192.168.0.44:56994 (size: 3.2 KB, free: 530.0 MB)
15/09/24 13:44:30 INFO SparkContext: Created broadcast 0 from broadcast at DAGScheduler.scala:861
15/09/24 13:44:30 INFO DAGScheduler: Submitting 2 missing tasks from ResultStage 0 (PythonRDD[1] at reduce at /projects/hpcsupport/steinbac/scads/spark/gpu_12_jobs/drive_bootstrap.py:114)
15/09/24 13:44:30 INFO TaskSchedulerImpl: Adding task set 0.0 with 2 tasks
15/09/24 13:44:31 INFO SparkDeploySchedulerBackend: Registered executor: AkkaRpcEndpointRef(Actor[akka.tcp://sparkExecutor@192.168.0.41:37380/user/Executor#1306690438]) with ID 0
15/09/24 13:44:31 INFO TaskSetManager: Starting task 0.0 in stage 0.0 (TID 0, 192.168.0.41, PROCESS_LOCAL, 26872 bytes)
15/09/24 13:44:31 INFO TaskSetManager: Starting task 1.0 in stage 0.0 (TID 1, 192.168.0.41, PROCESS_LOCAL, 26872 bytes)
15/09/24 13:44:31 INFO BlockManagerMasterEndpoint: Registering block manager 192.168.0.41:47516 with 530.0 MB RAM, BlockManagerId(0, 192.168.0.41, 47516)
15/09/24 13:44:32 INFO BlockManagerInfo: Added broadcast_0_piece0 in memory on 192.168.0.41:47516 (size: 3.2 KB, free: 530.0 MB)
15/09/24 13:44:34 INFO SparkDeploySchedulerBackend: Registered executor: AkkaRpcEndpointRef(Actor[akka.tcp://sparkExecutor@192.168.0.44:43117/user/Executor#543350271]) with ID 1
15/09/24 13:44:34 INFO BlockManagerMasterEndpoint: Registering block manager 192.168.0.44:37912 with 530.0 MB RAM, BlockManagerId(1, 192.168.0.44, 37912)
15/09/24 13:54:22 ERROR TaskSchedulerImpl: Lost executor 0 on 192.168.0.41: remote Rpc client disassociated
15/09/24 13:54:22 WARN ReliableDeliverySupervisor: Association with remote system [akka.tcp://sparkExecutor@192.168.0.41:37380] has failed, address is now gated for [5000] ms. Reason: [Disassociated] 
15/09/24 13:54:22 INFO TaskSetManager: Re-queueing tasks for 0 from TaskSet 0.0
15/09/24 13:54:22 INFO AppClient$ClientEndpoint: Executor updated: app-20150924134428-0000/0 is now LOADING (Worker shutting down)
15/09/24 13:54:22 INFO AppClient$ClientEndpoint: Executor updated: app-20150924134428-0000/0 is now EXITED (Command exited with code 143)
15/09/24 13:54:22 INFO SparkDeploySchedulerBackend: Executor app-20150924134428-0000/0 removed: Command exited with code 143
15/09/24 13:54:22 WARN TaskSetManager: Lost task 1.0 in stage 0.0 (TID 1, 192.168.0.41): ExecutorLostFailure (executor 0 lost)
15/09/24 13:54:22 WARN TaskSetManager: Lost task 0.0 in stage 0.0 (TID 0, 192.168.0.41): ExecutorLostFailure (executor 0 lost)
15/09/24 13:54:22 INFO SparkDeploySchedulerBackend: Asked to remove non-existent executor 0
15/09/24 13:54:22 INFO AppClient$ClientEndpoint: Executor added: app-20150924134428-0000/2 on worker-20150924134420-192.168.0.41-56910 (192.168.0.41:56910) with 6 cores
15/09/24 13:54:22 INFO SparkDeploySchedulerBackend: Granted executor ID app-20150924134428-0000/2 on hostPort 192.168.0.41:56910 with 6 cores, 1024.0 MB RAM
15/09/24 13:54:22 INFO TaskSetManager: Starting task 0.1 in stage 0.0 (TID 2, 192.168.0.44, PROCESS_LOCAL, 26872 bytes)
15/09/24 13:54:22 INFO TaskSetManager: Starting task 1.1 in stage 0.0 (TID 3, 192.168.0.44, PROCESS_LOCAL, 26872 bytes)
15/09/24 13:54:22 INFO AppClient$ClientEndpoint: Executor updated: app-20150924134428-0000/2 is now RUNNING
15/09/24 13:54:22 INFO DAGScheduler: Executor lost: 0 (epoch 0)
15/09/24 13:54:22 INFO BlockManagerMasterEndpoint: Trying to remove executor 0 from BlockManagerMaster.
15/09/24 13:54:22 INFO BlockManagerMasterEndpoint: Removing block manager BlockManagerId(0, 192.168.0.41, 47516)
15/09/24 13:54:22 INFO BlockManagerMaster: Removed 0 successfully in removeExecutor
15/09/24 13:54:22 INFO AppClient$ClientEndpoint: Executor updated: app-20150924134428-0000/2 is now LOST (worker lost)
15/09/24 13:54:22 INFO SparkDeploySchedulerBackend: Executor app-20150924134428-0000/2 removed: worker lost
15/09/24 13:54:22 INFO SparkDeploySchedulerBackend: Asked to remove non-existent executor 2
15/09/24 13:54:22 INFO BlockManagerInfo: Added broadcast_0_piece0 in memory on 192.168.0.44:37912 (size: 3.2 KB, free: 530.0 MB)
15/09/24 14:13:51 INFO TaskSetManager: Finished task 0.1 in stage 0.0 (TID 2) in 1169586 ms on 192.168.0.44 (1/2)
15/09/24 14:13:52 INFO TaskSetManager: Finished task 1.1 in stage 0.0 (TID 3) in 1170569 ms on 192.168.0.44 (2/2)
15/09/24 14:13:52 INFO DAGScheduler: ResultStage 0 (reduce at /projects/hpcsupport/steinbac/scads/spark/gpu_12_jobs/drive_bootstrap.py:114) finished in 1761.815 s
15/09/24 14:13:52 INFO TaskSchedulerImpl: Removed TaskSet 0.0, whose tasks have all completed, from pool 
15/09/24 14:13:52 INFO DAGScheduler: Job 0 finished: reduce at /projects/hpcsupport/steinbac/scads/spark/gpu_12_jobs/drive_bootstrap.py:114, took 1762.180819 s
15/09/24 14:13:52 INFO SparkUI: Stopped Spark web UI at http://192.168.0.44:4040
15/09/24 14:13:52 INFO DAGScheduler: Stopping DAGScheduler
15/09/24 14:13:52 INFO SparkDeploySchedulerBackend: Shutting down all executors
15/09/24 14:13:52 INFO SparkDeploySchedulerBackend: Asking each executor to shut down
15/09/24 14:13:52 INFO MapOutputTrackerMasterEndpoint: MapOutputTrackerMasterEndpoint stopped!
15/09/24 14:13:52 INFO MemoryStore: MemoryStore cleared
15/09/24 14:13:52 INFO BlockManager: BlockManager stopped
15/09/24 14:13:52 INFO BlockManagerMaster: BlockManagerMaster stopped
15/09/24 14:13:52 INFO OutputCommitCoordinator$OutputCommitCoordinatorEndpoint: OutputCommitCoordinator stopped!
15/09/24 14:13:52 INFO SparkContext: Successfully stopped SparkContext
15/09/24 14:13:52 INFO RemoteActorRefProvider$RemotingTerminator: Shutting down remote daemon.
15/09/24 14:13:52 INFO RemoteActorRefProvider$RemotingTerminator: Remote daemon shut down; proceeding with flushing remote transports.
15/09/24 14:13:52 INFO RemoteActorRefProvider$RemotingTerminator: Remoting shut down.
/projects/hpcsupport/steinbac/scads/spark/gpu_12_jobs/drive_bootstrap.py  took  1769.58003807  s
15/09/24 14:13:53 INFO ShutdownHookManager: Shutdown hook called
15/09/24 14:13:53 INFO ShutdownHookManager: Deleting directory /tmp/spark-5d20a89e-034a-4194-8a01-610ff5440004
+ set +x
spark-submit took  1775  s
localhost: stopping org.apache.spark.deploy.worker.Worker
stopping org.apache.spark.deploy.master.Master
localhost: no org.apache.spark.deploy.worker.Worker to stop
cleanup slaves file /scratch/users/steinbac/slaves_282404
removed `/scratch/users/steinbac/slaves_282404'
