Sender: LSF System <hpcadmin@n42>
Subject: Job 282403: <spark_pythonbootstrap> in cluster scuba_cluster1 Done

Job <spark_pythonbootstrap> was submitted from host <falcon> by user <steinbac> in cluster <scuba_cluster1>.
Job was executed on host(s) <12*n42>, in queue <gpu>, as user <steinbac> in cluster <scuba_cluster1>.
                            <6*n41>
</home/steinbac> was used as the home directory.
</projects/hpcsupport/steinbac/scads/spark/gpu_18_jobs> was used as the working directory.
Started at Thu Sep 24 13:43:51 2015
Results reported at Thu Sep 24 13:54:13 2015

Your job looked like:

------------------------------------------------------------
# LSBATCH: User input
#!/bin/sh
#BSUB -J spark_pythonbootstrap
#BSUB -W 00:40 
#BSUB -oo spark_pythonbootstrap_%J_${LSB_DJOB_NUMPROC}.log

if [[ -z $SPARK_HOME ]];then
export SPARK_HOME=$HOME/software/spark/1.5.0
fi

# initialize the nodes
python /home/steinbac/development/scads_snakemake_vs_spark/spark/setup/start_spark_lsf.py -m 4G -s /scratch/users/$USER

# creates the slaves file, starts the spark master and worker processes using mpirun
# the "-c" option specifies number of cores per worker
# -m specifies SPARK_MEMORY

# the specific example runs spark's pi estimation with a slices = 100 (first and only argument)
CWD=/projects/hpcsupport/steinbac/scads/spark/gpu_${LSB_DJOB_NUMPROC}_jobs

STARTEPOCH=`date +%s`
set -x
$SPARK_HOME/bin/spark-submit --master spark://$HOSTNAME:7077 --total-executor-cores ${LSB_DJOB_NUMPROC} ${CWD}/drive_bootstrap.py ${CWD} "rotate_only"
set +x
ENDEPOCH=`date +%s`
echo "spark-submit took " $((ENDEPOCH-STARTEPOCH)) " s"

SPARK_SLAVES=/scratch/users/$USER/slaves_$LSB_JOBID
$SPARK_HOME/sbin/stop-all.sh
$SPARK_HOME/sbin/stop-slaves.sh
echo "cleanup slaves file $SPARK_SLAVES"
rm -v $SPARK_SLAVES

------------------------------------------------------------

Successfully completed.

Resource usage summary:

    CPU time   :     25.02 sec.
    Max Memory :       724 MB
    Max Swap   :     14360 MB

    Max Processes  :         6
    Max Threads    :       140

The output (if any) follows:

>> LSB_MCPU_HOSTS n42 12 n41 6 
>> found hosts:  ['n42', 'n41']
master command  /sw/users/steinbac/software/spark/1.5.0/sbin/start-master.sh
starting org.apache.spark.deploy.master.Master, logging to /lustre/projects/hpcsupport/steinbac/software/spark/spark-1.5.0-bin-hadoop2.6/sbin/../logs/spark-steinbac-org.apache.spark.deploy.master.Master-1-n42.out

master set to  n42
>> slave 0/2	ssh n42 /sw/users/steinbac/software/spark/1.5.0/sbin/stop-slaves.sh
localhost: stopping org.apache.spark.deploy.worker.Worker

>> slave 0/2	ssh n42 /sw/users/steinbac/software/spark/1.5.0/sbin/start-slave.sh  -c 12 -m 4G spark://n42:7077 &
starting org.apache.spark.deploy.worker.Worker, logging to /lustre/projects/hpcsupport/steinbac/software/spark/spark-1.5.0-bin-hadoop2.6/sbin/../logs/spark-steinbac-org.apache.spark.deploy.worker.Worker-1-n42.out

>> slave 1/2	ssh n41 /sw/users/steinbac/software/spark/1.5.0/sbin/stop-slaves.sh
localhost: no org.apache.spark.deploy.worker.Worker to stop

>> slave 1/2	ssh n41 /sw/users/steinbac/software/spark/1.5.0/sbin/start-slave.sh  -c 6 -m 4G spark://n42:7077 &
starting org.apache.spark.deploy.worker.Worker, logging to /lustre/projects/hpcsupport/steinbac/software/spark/spark-1.5.0-bin-hadoop2.6/sbin/../logs/spark-steinbac-org.apache.spark.deploy.worker.Worker-1-n41.out

+ /sw/users/steinbac/software/spark/1.5.0/bin/spark-submit --master spark://n42:7077 --total-executor-cores 18 /projects/hpcsupport/steinbac/scads/spark/gpu_18_jobs/drive_bootstrap.py /projects/hpcsupport/steinbac/scads/spark/gpu_18_jobs rotate_only
[drive_bootstrap.py] distributing 592 files from /projects/hpcsupport/steinbac/scads/spark/gpu_18_jobs
Using Spark's default log4j profile: org/apache/spark/log4j-defaults.properties
15/09/24 13:44:06 INFO SparkContext: Running Spark version 1.5.0
15/09/24 13:44:06 WARN NativeCodeLoader: Unable to load native-hadoop library for your platform... using builtin-java classes where applicable
15/09/24 13:44:06 INFO SecurityManager: Changing view acls to: steinbac
15/09/24 13:44:06 INFO SecurityManager: Changing modify acls to: steinbac
15/09/24 13:44:06 INFO SecurityManager: SecurityManager: authentication disabled; ui acls disabled; users with view permissions: Set(steinbac); users with modify permissions: Set(steinbac)
15/09/24 13:44:07 INFO Slf4jLogger: Slf4jLogger started
15/09/24 13:44:07 INFO Remoting: Starting remoting
15/09/24 13:44:07 INFO Remoting: Remoting started; listening on addresses :[akka.tcp://sparkDriver@192.168.0.42:54874]
15/09/24 13:44:07 INFO Utils: Successfully started service 'sparkDriver' on port 54874.
15/09/24 13:44:07 INFO SparkEnv: Registering MapOutputTracker
15/09/24 13:44:07 INFO SparkEnv: Registering BlockManagerMaster
15/09/24 13:44:07 INFO DiskBlockManager: Created local directory at /tmp/blockmgr-1e2f364a-6cfd-42c3-a90f-5ccf2710cefd
15/09/24 13:44:07 INFO MemoryStore: MemoryStore started with capacity 530.0 MB
15/09/24 13:44:08 INFO HttpFileServer: HTTP File server directory is /tmp/spark-f253b2d6-916c-41c6-9dc0-0ae3aefd021c/httpd-74f91791-46db-4f84-bb9b-acdf20c6ab9a
15/09/24 13:44:08 INFO HttpServer: Starting HTTP Server
15/09/24 13:44:08 INFO Utils: Successfully started service 'HTTP file server' on port 48526.
15/09/24 13:44:08 INFO SparkEnv: Registering OutputCommitCoordinator
15/09/24 13:44:08 INFO Utils: Successfully started service 'SparkUI' on port 4040.
15/09/24 13:44:08 INFO SparkUI: Started SparkUI at http://192.168.0.42:4040
15/09/24 13:44:08 INFO Utils: Copying /projects/hpcsupport/steinbac/scads/spark/gpu_18_jobs/drive_bootstrap.py to /tmp/spark-f253b2d6-916c-41c6-9dc0-0ae3aefd021c/userFiles-ba16231e-2a41-4602-937e-b956ab1fc6f4/drive_bootstrap.py
15/09/24 13:44:08 INFO SparkContext: Added file file:/projects/hpcsupport/steinbac/scads/spark/gpu_18_jobs/drive_bootstrap.py at http://192.168.0.42:48526/files/drive_bootstrap.py with timestamp 1443095048350
15/09/24 13:44:08 WARN MetricsSystem: Using default name DAGScheduler for source because spark.app.id is not set.
15/09/24 13:44:08 INFO AppClient$ClientEndpoint: Connecting to master spark://n42:7077...
15/09/24 13:44:08 INFO SparkDeploySchedulerBackend: Connected to Spark cluster with app ID app-20150924134408-0000
15/09/24 13:44:08 INFO AppClient$ClientEndpoint: Executor added: app-20150924134408-0000/0 on worker-20150924134401-192.168.0.42-49554 (192.168.0.42:49554) with 12 cores
15/09/24 13:44:08 INFO SparkDeploySchedulerBackend: Granted executor ID app-20150924134408-0000/0 on hostPort 192.168.0.42:49554 with 12 cores, 1024.0 MB RAM
15/09/24 13:44:08 INFO AppClient$ClientEndpoint: Executor added: app-20150924134408-0000/1 on worker-20150924134404-192.168.0.41-58947 (192.168.0.41:58947) with 6 cores
15/09/24 13:44:08 INFO SparkDeploySchedulerBackend: Granted executor ID app-20150924134408-0000/1 on hostPort 192.168.0.41:58947 with 6 cores, 1024.0 MB RAM
15/09/24 13:44:08 INFO AppClient$ClientEndpoint: Executor updated: app-20150924134408-0000/0 is now RUNNING
15/09/24 13:44:08 INFO AppClient$ClientEndpoint: Executor updated: app-20150924134408-0000/1 is now RUNNING
15/09/24 13:44:08 INFO AppClient$ClientEndpoint: Executor updated: app-20150924134408-0000/0 is now LOADING
15/09/24 13:44:08 INFO AppClient$ClientEndpoint: Executor updated: app-20150924134408-0000/1 is now LOADING
15/09/24 13:44:08 INFO Utils: Successfully started service 'org.apache.spark.network.netty.NettyBlockTransferService' on port 49256.
15/09/24 13:44:08 INFO NettyBlockTransferService: Server created on 49256
15/09/24 13:44:08 INFO BlockManagerMaster: Trying to register BlockManager
15/09/24 13:44:08 INFO BlockManagerMasterEndpoint: Registering block manager 192.168.0.42:49256 with 530.0 MB RAM, BlockManagerId(driver, 192.168.0.42, 49256)
15/09/24 13:44:08 INFO BlockManagerMaster: Registered BlockManager
15/09/24 13:44:09 INFO SparkDeploySchedulerBackend: SchedulerBackend is ready for scheduling beginning after reached minRegisteredResourcesRatio: 0.0
15/09/24 13:44:09 INFO Utils: /projects/hpcsupport/steinbac/scads/spark/gpu_18_jobs/drive_bootstrap.py has been previously copied to /tmp/spark-f253b2d6-916c-41c6-9dc0-0ae3aefd021c/userFiles-ba16231e-2a41-4602-937e-b956ab1fc6f4/drive_bootstrap.py
15/09/24 13:44:09 INFO SparkContext: Added file /projects/hpcsupport/steinbac/scads/spark/gpu_18_jobs/drive_bootstrap.py at http://192.168.0.42:48526/files/drive_bootstrap.py with timestamp 1443095049100
15/09/24 13:44:09 INFO Utils: Copying /home/steinbac/development/scads_snakemake_vs_spark/python/bootstrap_utils.py to /tmp/spark-f253b2d6-916c-41c6-9dc0-0ae3aefd021c/userFiles-ba16231e-2a41-4602-937e-b956ab1fc6f4/bootstrap_utils.py
15/09/24 13:44:09 INFO SparkContext: Added file /home/steinbac/development/scads_snakemake_vs_spark/python/bootstrap_utils.py at http://192.168.0.42:48526/files/bootstrap_utils.py with timestamp 1443095049109
15/09/24 13:44:09 INFO SparkContext: Starting job: reduce at /projects/hpcsupport/steinbac/scads/spark/gpu_18_jobs/drive_bootstrap.py:114
15/09/24 13:44:09 INFO DAGScheduler: Got job 0 (reduce at /projects/hpcsupport/steinbac/scads/spark/gpu_18_jobs/drive_bootstrap.py:114) with 2 output partitions
15/09/24 13:44:09 INFO DAGScheduler: Final stage: ResultStage 0(reduce at /projects/hpcsupport/steinbac/scads/spark/gpu_18_jobs/drive_bootstrap.py:114)
15/09/24 13:44:09 INFO DAGScheduler: Parents of final stage: List()
15/09/24 13:44:09 INFO DAGScheduler: Missing parents: List()
15/09/24 13:44:09 INFO DAGScheduler: Submitting ResultStage 0 (PythonRDD[1] at reduce at /projects/hpcsupport/steinbac/scads/spark/gpu_18_jobs/drive_bootstrap.py:114), which has no missing parents
15/09/24 13:44:09 INFO MemoryStore: ensureFreeSpace(5000) called with curMem=0, maxMem=555755765
15/09/24 13:44:09 INFO MemoryStore: Block broadcast_0 stored as values in memory (estimated size 4.9 KB, free 530.0 MB)
15/09/24 13:44:09 INFO MemoryStore: ensureFreeSpace(3274) called with curMem=5000, maxMem=555755765
15/09/24 13:44:09 INFO MemoryStore: Block broadcast_0_piece0 stored as bytes in memory (estimated size 3.2 KB, free 530.0 MB)
15/09/24 13:44:09 INFO BlockManagerInfo: Added broadcast_0_piece0 in memory on 192.168.0.42:49256 (size: 3.2 KB, free: 530.0 MB)
15/09/24 13:44:09 INFO SparkContext: Created broadcast 0 from broadcast at DAGScheduler.scala:861
15/09/24 13:44:09 INFO DAGScheduler: Submitting 2 missing tasks from ResultStage 0 (PythonRDD[1] at reduce at /projects/hpcsupport/steinbac/scads/spark/gpu_18_jobs/drive_bootstrap.py:114)
15/09/24 13:44:09 INFO TaskSchedulerImpl: Adding task set 0.0 with 2 tasks
15/09/24 13:44:11 INFO SparkDeploySchedulerBackend: Registered executor: AkkaRpcEndpointRef(Actor[akka.tcp://sparkExecutor@192.168.0.41:40459/user/Executor#-262196188]) with ID 1
15/09/24 13:44:11 INFO TaskSetManager: Starting task 0.0 in stage 0.0 (TID 0, 192.168.0.41, PROCESS_LOCAL, 26872 bytes)
15/09/24 13:44:11 INFO TaskSetManager: Starting task 1.0 in stage 0.0 (TID 1, 192.168.0.41, PROCESS_LOCAL, 26872 bytes)
15/09/24 13:44:11 INFO SparkDeploySchedulerBackend: Registered executor: AkkaRpcEndpointRef(Actor[akka.tcp://sparkExecutor@192.168.0.42:55854/user/Executor#-1527571265]) with ID 0
15/09/24 13:44:11 INFO BlockManagerMasterEndpoint: Registering block manager 192.168.0.41:45498 with 530.0 MB RAM, BlockManagerId(1, 192.168.0.41, 45498)
15/09/24 13:44:11 INFO BlockManagerMasterEndpoint: Registering block manager 192.168.0.42:35702 with 530.0 MB RAM, BlockManagerId(0, 192.168.0.42, 35702)
15/09/24 13:44:11 INFO BlockManagerInfo: Added broadcast_0_piece0 in memory on 192.168.0.41:45498 (size: 3.2 KB, free: 530.0 MB)
15/09/24 13:44:18 ERROR TaskSchedulerImpl: Lost executor 1 on 192.168.0.41: remote Rpc client disassociated
15/09/24 13:44:18 WARN ReliableDeliverySupervisor: Association with remote system [akka.tcp://sparkExecutor@192.168.0.41:40459] has failed, address is now gated for [5000] ms. Reason: [Disassociated] 
15/09/24 13:44:18 INFO TaskSetManager: Re-queueing tasks for 1 from TaskSet 0.0
15/09/24 13:44:18 INFO AppClient$ClientEndpoint: Executor updated: app-20150924134408-0000/1 is now EXITED (Worker shutting down)
15/09/24 13:44:18 WARN TaskSetManager: Lost task 1.0 in stage 0.0 (TID 1, 192.168.0.41): ExecutorLostFailure (executor 1 lost)
15/09/24 13:44:18 INFO SparkDeploySchedulerBackend: Executor app-20150924134408-0000/1 removed: Worker shutting down
15/09/24 13:44:18 WARN TaskSetManager: Lost task 0.0 in stage 0.0 (TID 0, 192.168.0.41): ExecutorLostFailure (executor 1 lost)
15/09/24 13:44:18 INFO SparkDeploySchedulerBackend: Asked to remove non-existent executor 1
15/09/24 13:44:18 INFO AppClient$ClientEndpoint: Executor added: app-20150924134408-0000/2 on worker-20150924134404-192.168.0.41-58947 (192.168.0.41:58947) with 6 cores
15/09/24 13:44:18 INFO SparkDeploySchedulerBackend: Granted executor ID app-20150924134408-0000/2 on hostPort 192.168.0.41:58947 with 6 cores, 1024.0 MB RAM
15/09/24 13:44:18 INFO TaskSetManager: Starting task 0.1 in stage 0.0 (TID 2, 192.168.0.42, PROCESS_LOCAL, 26872 bytes)
15/09/24 13:44:18 INFO TaskSetManager: Starting task 1.1 in stage 0.0 (TID 3, 192.168.0.42, PROCESS_LOCAL, 26872 bytes)
15/09/24 13:44:18 INFO DAGScheduler: Executor lost: 1 (epoch 0)
15/09/24 13:44:18 INFO AppClient$ClientEndpoint: Executor updated: app-20150924134408-0000/2 is now RUNNING
15/09/24 13:44:18 INFO BlockManagerMasterEndpoint: Trying to remove executor 1 from BlockManagerMaster.
15/09/24 13:44:18 INFO BlockManagerMasterEndpoint: Removing block manager BlockManagerId(1, 192.168.0.41, 45498)
15/09/24 13:44:18 INFO BlockManagerMaster: Removed 1 successfully in removeExecutor
15/09/24 13:44:18 INFO BlockManagerInfo: Added broadcast_0_piece0 in memory on 192.168.0.42:35702 (size: 3.2 KB, free: 530.0 MB)
15/09/24 13:44:18 INFO AppClient$ClientEndpoint: Executor updated: app-20150924134408-0000/2 is now LOST (worker lost)
15/09/24 13:44:18 INFO SparkDeploySchedulerBackend: Executor app-20150924134408-0000/2 removed: worker lost
15/09/24 13:44:18 INFO SparkDeploySchedulerBackend: Asked to remove non-existent executor 2
15/09/24 13:54:06 INFO TaskSetManager: Finished task 0.1 in stage 0.0 (TID 2) in 588733 ms on 192.168.0.42 (1/2)
15/09/24 13:54:08 INFO TaskSetManager: Finished task 1.1 in stage 0.0 (TID 3) in 590330 ms on 192.168.0.42 (2/2)
15/09/24 13:54:08 INFO DAGScheduler: ResultStage 0 (reduce at /projects/hpcsupport/steinbac/scads/spark/gpu_18_jobs/drive_bootstrap.py:114) finished in 598.681 s
15/09/24 13:54:08 INFO TaskSchedulerImpl: Removed TaskSet 0.0, whose tasks have all completed, from pool 
15/09/24 13:54:08 INFO DAGScheduler: Job 0 finished: reduce at /projects/hpcsupport/steinbac/scads/spark/gpu_18_jobs/drive_bootstrap.py:114, took 598.858867 s
15/09/24 13:54:08 INFO SparkUI: Stopped Spark web UI at http://192.168.0.42:4040
15/09/24 13:54:08 INFO DAGScheduler: Stopping DAGScheduler
15/09/24 13:54:08 INFO SparkDeploySchedulerBackend: Shutting down all executors
15/09/24 13:54:08 INFO SparkDeploySchedulerBackend: Asking each executor to shut down
15/09/24 13:54:08 INFO MapOutputTrackerMasterEndpoint: MapOutputTrackerMasterEndpoint stopped!
15/09/24 13:54:08 INFO MemoryStore: MemoryStore cleared
15/09/24 13:54:08 INFO BlockManager: BlockManager stopped
15/09/24 13:54:08 INFO BlockManagerMaster: BlockManagerMaster stopped
15/09/24 13:54:08 INFO OutputCommitCoordinator$OutputCommitCoordinatorEndpoint: OutputCommitCoordinator stopped!
15/09/24 13:54:08 INFO SparkContext: Successfully stopped SparkContext
15/09/24 13:54:08 INFO RemoteActorRefProvider$RemotingTerminator: Shutting down remote daemon.
15/09/24 13:54:08 INFO RemoteActorRefProvider$RemotingTerminator: Remote daemon shut down; proceeding with flushing remote transports.
15/09/24 13:54:08 INFO RemoteActorRefProvider$RemotingTerminator: Remoting shut down.
/projects/hpcsupport/steinbac/scads/spark/gpu_18_jobs/drive_bootstrap.py  took  602.99039793  s
15/09/24 13:54:09 INFO ShutdownHookManager: Shutdown hook called
15/09/24 13:54:09 INFO ShutdownHookManager: Deleting directory /tmp/spark-f253b2d6-916c-41c6-9dc0-0ae3aefd021c
+ set +x
spark-submit took  605  s
localhost: stopping org.apache.spark.deploy.worker.Worker
stopping org.apache.spark.deploy.master.Master
localhost: no org.apache.spark.deploy.worker.Worker to stop
cleanup slaves file /scratch/users/steinbac/slaves_282403
removed `/scratch/users/steinbac/slaves_282403'
