Sender: LSF System <hpcadmin@n41>
Subject: Job 282405: <spark_pythonbootstrap> in cluster scuba_cluster1 Done

Job <spark_pythonbootstrap> was submitted from host <falcon> by user <steinbac> in cluster <scuba_cluster1>.
Job was executed on host(s) <6*n41>, in queue <gpu>, as user <steinbac> in cluster <scuba_cluster1>.
                            <6*n42>
</home/steinbac> was used as the home directory.
</projects/hpcsupport/steinbac/scads/spark/gpu_12_jobs> was used as the working directory.
Started at Thu Sep 24 13:54:18 2015
Results reported at Thu Sep 24 14:04:36 2015

Your job looked like:

------------------------------------------------------------
# LSBATCH: User input
#!/bin/sh
#BSUB -J spark_pythonbootstrap
#BSUB -W 00:40 
#BSUB -oo spark_pythonbootstrap_%J_${LSB_DJOB_NUMPROC}.log

if [[ -z $SPARK_HOME ]];then
export SPARK_HOME=$HOME/software/spark/1.5.0
fi

# initialize the nodes
python /home/steinbac/development/scads_snakemake_vs_spark/spark/setup/start_spark_lsf.py -m 4G -s /scratch/users/$USER

# creates the slaves file, starts the spark master and worker processes using mpirun
# the "-c" option specifies number of cores per worker
# -m specifies SPARK_MEMORY

# the specific example runs spark's pi estimation with a slices = 100 (first and only argument)
CWD=/projects/hpcsupport/steinbac/scads/spark/gpu_${LSB_DJOB_NUMPROC}_jobs

STARTEPOCH=`date +%s`
set -x
$SPARK_HOME/bin/spark-submit --master spark://$HOSTNAME:7077 --total-executor-cores ${LSB_DJOB_NUMPROC} ${CWD}/drive_bootstrap.py ${CWD} "rotate_only"
set +x
ENDEPOCH=`date +%s`
echo "spark-submit took " $((ENDEPOCH-STARTEPOCH)) " s"

SPARK_SLAVES=/scratch/users/$USER/slaves_$LSB_JOBID
$SPARK_HOME/sbin/stop-all.sh
$SPARK_HOME/sbin/stop-slaves.sh
echo "cleanup slaves file $SPARK_SLAVES"
rm -v $SPARK_SLAVES

------------------------------------------------------------

Successfully completed.

Resource usage summary:

    CPU time   :     22.64 sec.
    Max Memory :       689 MB
    Max Swap   :     14147 MB

    Max Processes  :         6
    Max Threads    :       137

The output (if any) follows:

>> LSB_MCPU_HOSTS n41 6 n42 6 
>> found hosts:  ['n41', 'n42']
master command  /sw/users/steinbac/software/spark/1.5.0/sbin/start-master.sh
starting org.apache.spark.deploy.master.Master, logging to /lustre/projects/hpcsupport/steinbac/software/spark/spark-1.5.0-bin-hadoop2.6/sbin/../logs/spark-steinbac-org.apache.spark.deploy.master.Master-1-n41.out

master set to  n41
>> slave 0/2	ssh n41 /sw/users/steinbac/software/spark/1.5.0/sbin/stop-slaves.sh
localhost: stopping org.apache.spark.deploy.worker.Worker

>> slave 0/2	ssh n41 /sw/users/steinbac/software/spark/1.5.0/sbin/start-slave.sh  -c 6 -m 4G spark://n41:7077 &
starting org.apache.spark.deploy.worker.Worker, logging to /lustre/projects/hpcsupport/steinbac/software/spark/spark-1.5.0-bin-hadoop2.6/sbin/../logs/spark-steinbac-org.apache.spark.deploy.worker.Worker-1-n41.out

>> slave 1/2	ssh n42 /sw/users/steinbac/software/spark/1.5.0/sbin/stop-slaves.sh
localhost: no org.apache.spark.deploy.worker.Worker to stop

>> slave 1/2	ssh n42 /sw/users/steinbac/software/spark/1.5.0/sbin/start-slave.sh  -c 6 -m 4G spark://n41:7077 &
starting org.apache.spark.deploy.worker.Worker, logging to /lustre/projects/hpcsupport/steinbac/software/spark/spark-1.5.0-bin-hadoop2.6/sbin/../logs/spark-steinbac-org.apache.spark.deploy.worker.Worker-1-n42.out

+ /sw/users/steinbac/software/spark/1.5.0/bin/spark-submit --master spark://n41:7077 --total-executor-cores 12 /projects/hpcsupport/steinbac/scads/spark/gpu_12_jobs/drive_bootstrap.py /projects/hpcsupport/steinbac/scads/spark/gpu_12_jobs rotate_only
[drive_bootstrap.py] distributing 592 files from /projects/hpcsupport/steinbac/scads/spark/gpu_12_jobs
Using Spark's default log4j profile: org/apache/spark/log4j-defaults.properties
15/09/24 13:54:29 INFO SparkContext: Running Spark version 1.5.0
15/09/24 13:54:29 WARN NativeCodeLoader: Unable to load native-hadoop library for your platform... using builtin-java classes where applicable
15/09/24 13:54:29 INFO SecurityManager: Changing view acls to: steinbac
15/09/24 13:54:29 INFO SecurityManager: Changing modify acls to: steinbac
15/09/24 13:54:29 INFO SecurityManager: SecurityManager: authentication disabled; ui acls disabled; users with view permissions: Set(steinbac); users with modify permissions: Set(steinbac)
15/09/24 13:54:30 INFO Slf4jLogger: Slf4jLogger started
15/09/24 13:54:30 INFO Remoting: Starting remoting
15/09/24 13:54:30 INFO Remoting: Remoting started; listening on addresses :[akka.tcp://sparkDriver@192.168.0.41:53270]
15/09/24 13:54:30 INFO Utils: Successfully started service 'sparkDriver' on port 53270.
15/09/24 13:54:30 INFO SparkEnv: Registering MapOutputTracker
15/09/24 13:54:30 INFO SparkEnv: Registering BlockManagerMaster
15/09/24 13:54:30 INFO DiskBlockManager: Created local directory at /tmp/blockmgr-3ba06e4d-8dec-4095-a573-5f55cfb25ecf
15/09/24 13:54:30 INFO MemoryStore: MemoryStore started with capacity 530.0 MB
15/09/24 13:54:30 INFO HttpFileServer: HTTP File server directory is /tmp/spark-36ff43c2-c955-443d-9c3e-e2fb548408e9/httpd-b6832822-c8c6-4f36-8078-5ee54e454edb
15/09/24 13:54:30 INFO HttpServer: Starting HTTP Server
15/09/24 13:54:30 INFO Utils: Successfully started service 'HTTP file server' on port 60657.
15/09/24 13:54:30 INFO SparkEnv: Registering OutputCommitCoordinator
15/09/24 13:54:30 INFO Utils: Successfully started service 'SparkUI' on port 4040.
15/09/24 13:54:30 INFO SparkUI: Started SparkUI at http://192.168.0.41:4040
15/09/24 13:54:30 INFO Utils: Copying /projects/hpcsupport/steinbac/scads/spark/gpu_12_jobs/drive_bootstrap.py to /tmp/spark-36ff43c2-c955-443d-9c3e-e2fb548408e9/userFiles-b5b86a53-5771-4c9d-8cd8-e656aec46f24/drive_bootstrap.py
15/09/24 13:54:30 INFO SparkContext: Added file file:/projects/hpcsupport/steinbac/scads/spark/gpu_12_jobs/drive_bootstrap.py at http://192.168.0.41:60657/files/drive_bootstrap.py with timestamp 1443095670847
15/09/24 13:54:30 WARN MetricsSystem: Using default name DAGScheduler for source because spark.app.id is not set.
15/09/24 13:54:30 INFO AppClient$ClientEndpoint: Connecting to master spark://n41:7077...
15/09/24 13:54:31 INFO SparkDeploySchedulerBackend: Connected to Spark cluster with app ID app-20150924135431-0000
15/09/24 13:54:31 INFO AppClient$ClientEndpoint: Executor added: app-20150924135431-0000/0 on worker-20150924135424-192.168.0.41-39947 (192.168.0.41:39947) with 6 cores
15/09/24 13:54:31 INFO SparkDeploySchedulerBackend: Granted executor ID app-20150924135431-0000/0 on hostPort 192.168.0.41:39947 with 6 cores, 1024.0 MB RAM
15/09/24 13:54:31 INFO AppClient$ClientEndpoint: Executor added: app-20150924135431-0000/1 on worker-20150924135426-192.168.0.42-50301 (192.168.0.42:50301) with 6 cores
15/09/24 13:54:31 INFO SparkDeploySchedulerBackend: Granted executor ID app-20150924135431-0000/1 on hostPort 192.168.0.42:50301 with 6 cores, 1024.0 MB RAM
15/09/24 13:54:31 INFO AppClient$ClientEndpoint: Executor updated: app-20150924135431-0000/0 is now RUNNING
15/09/24 13:54:31 INFO AppClient$ClientEndpoint: Executor updated: app-20150924135431-0000/1 is now RUNNING
15/09/24 13:54:31 INFO AppClient$ClientEndpoint: Executor updated: app-20150924135431-0000/0 is now LOADING
15/09/24 13:54:31 INFO AppClient$ClientEndpoint: Executor updated: app-20150924135431-0000/1 is now LOADING
15/09/24 13:54:31 INFO Utils: Successfully started service 'org.apache.spark.network.netty.NettyBlockTransferService' on port 37079.
15/09/24 13:54:31 INFO NettyBlockTransferService: Server created on 37079
15/09/24 13:54:31 INFO BlockManagerMaster: Trying to register BlockManager
15/09/24 13:54:31 INFO BlockManagerMasterEndpoint: Registering block manager 192.168.0.41:37079 with 530.0 MB RAM, BlockManagerId(driver, 192.168.0.41, 37079)
15/09/24 13:54:31 INFO BlockManagerMaster: Registered BlockManager
15/09/24 13:54:31 INFO SparkDeploySchedulerBackend: SchedulerBackend is ready for scheduling beginning after reached minRegisteredResourcesRatio: 0.0
15/09/24 13:54:31 INFO Utils: /projects/hpcsupport/steinbac/scads/spark/gpu_12_jobs/drive_bootstrap.py has been previously copied to /tmp/spark-36ff43c2-c955-443d-9c3e-e2fb548408e9/userFiles-b5b86a53-5771-4c9d-8cd8-e656aec46f24/drive_bootstrap.py
15/09/24 13:54:31 INFO SparkContext: Added file /projects/hpcsupport/steinbac/scads/spark/gpu_12_jobs/drive_bootstrap.py at http://192.168.0.41:60657/files/drive_bootstrap.py with timestamp 1443095671612
15/09/24 13:54:31 INFO Utils: Copying /home/steinbac/development/scads_snakemake_vs_spark/python/bootstrap_utils.py to /tmp/spark-36ff43c2-c955-443d-9c3e-e2fb548408e9/userFiles-b5b86a53-5771-4c9d-8cd8-e656aec46f24/bootstrap_utils.py
15/09/24 13:54:31 INFO SparkContext: Added file /home/steinbac/development/scads_snakemake_vs_spark/python/bootstrap_utils.py at http://192.168.0.41:60657/files/bootstrap_utils.py with timestamp 1443095671620
15/09/24 13:54:31 INFO SparkContext: Starting job: reduce at /projects/hpcsupport/steinbac/scads/spark/gpu_12_jobs/drive_bootstrap.py:114
15/09/24 13:54:32 INFO DAGScheduler: Got job 0 (reduce at /projects/hpcsupport/steinbac/scads/spark/gpu_12_jobs/drive_bootstrap.py:114) with 2 output partitions
15/09/24 13:54:32 INFO DAGScheduler: Final stage: ResultStage 0(reduce at /projects/hpcsupport/steinbac/scads/spark/gpu_12_jobs/drive_bootstrap.py:114)
15/09/24 13:54:32 INFO DAGScheduler: Parents of final stage: List()
15/09/24 13:54:32 INFO DAGScheduler: Missing parents: List()
15/09/24 13:54:32 INFO DAGScheduler: Submitting ResultStage 0 (PythonRDD[1] at reduce at /projects/hpcsupport/steinbac/scads/spark/gpu_12_jobs/drive_bootstrap.py:114), which has no missing parents
15/09/24 13:54:32 INFO MemoryStore: ensureFreeSpace(5000) called with curMem=0, maxMem=555755765
15/09/24 13:54:32 INFO MemoryStore: Block broadcast_0 stored as values in memory (estimated size 4.9 KB, free 530.0 MB)
15/09/24 13:54:32 INFO MemoryStore: ensureFreeSpace(3273) called with curMem=5000, maxMem=555755765
15/09/24 13:54:32 INFO MemoryStore: Block broadcast_0_piece0 stored as bytes in memory (estimated size 3.2 KB, free 530.0 MB)
15/09/24 13:54:32 INFO BlockManagerInfo: Added broadcast_0_piece0 in memory on 192.168.0.41:37079 (size: 3.2 KB, free: 530.0 MB)
15/09/24 13:54:32 INFO SparkContext: Created broadcast 0 from broadcast at DAGScheduler.scala:861
15/09/24 13:54:32 INFO DAGScheduler: Submitting 2 missing tasks from ResultStage 0 (PythonRDD[1] at reduce at /projects/hpcsupport/steinbac/scads/spark/gpu_12_jobs/drive_bootstrap.py:114)
15/09/24 13:54:32 INFO TaskSchedulerImpl: Adding task set 0.0 with 2 tasks
15/09/24 13:54:33 INFO SparkDeploySchedulerBackend: Registered executor: AkkaRpcEndpointRef(Actor[akka.tcp://sparkExecutor@192.168.0.42:56064/user/Executor#-274682623]) with ID 1
15/09/24 13:54:33 INFO TaskSetManager: Starting task 0.0 in stage 0.0 (TID 0, 192.168.0.42, PROCESS_LOCAL, 26872 bytes)
15/09/24 13:54:33 INFO TaskSetManager: Starting task 1.0 in stage 0.0 (TID 1, 192.168.0.42, PROCESS_LOCAL, 26872 bytes)
15/09/24 13:54:33 INFO SparkDeploySchedulerBackend: Registered executor: AkkaRpcEndpointRef(Actor[akka.tcp://sparkExecutor@192.168.0.41:37324/user/Executor#-753099463]) with ID 0
15/09/24 13:54:34 INFO BlockManagerMasterEndpoint: Registering block manager 192.168.0.42:35303 with 530.0 MB RAM, BlockManagerId(1, 192.168.0.42, 35303)
15/09/24 13:54:34 INFO BlockManagerMasterEndpoint: Registering block manager 192.168.0.41:51696 with 530.0 MB RAM, BlockManagerId(0, 192.168.0.41, 51696)
15/09/24 13:54:34 INFO BlockManagerInfo: Added broadcast_0_piece0 in memory on 192.168.0.42:35303 (size: 3.2 KB, free: 530.0 MB)
15/09/24 14:04:26 INFO TaskSetManager: Finished task 1.0 in stage 0.0 (TID 1) in 592663 ms on 192.168.0.42 (1/2)
15/09/24 14:04:26 INFO TaskSetManager: Finished task 0.0 in stage 0.0 (TID 0) in 592860 ms on 192.168.0.42 (2/2)
15/09/24 14:04:26 INFO DAGScheduler: ResultStage 0 (reduce at /projects/hpcsupport/steinbac/scads/spark/gpu_12_jobs/drive_bootstrap.py:114) finished in 594.553 s
15/09/24 14:04:26 INFO TaskSchedulerImpl: Removed TaskSet 0.0, whose tasks have all completed, from pool 
15/09/24 14:04:26 INFO DAGScheduler: Job 0 finished: reduce at /projects/hpcsupport/steinbac/scads/spark/gpu_12_jobs/drive_bootstrap.py:114, took 594.735442 s
15/09/24 14:04:26 INFO SparkUI: Stopped Spark web UI at http://192.168.0.41:4040
15/09/24 14:04:26 INFO DAGScheduler: Stopping DAGScheduler
15/09/24 14:04:26 INFO SparkDeploySchedulerBackend: Shutting down all executors
15/09/24 14:04:26 INFO SparkDeploySchedulerBackend: Asking each executor to shut down
15/09/24 14:04:26 INFO MapOutputTrackerMasterEndpoint: MapOutputTrackerMasterEndpoint stopped!
15/09/24 14:04:26 INFO MemoryStore: MemoryStore cleared
15/09/24 14:04:26 INFO BlockManager: BlockManager stopped
15/09/24 14:04:26 INFO BlockManagerMaster: BlockManagerMaster stopped
15/09/24 14:04:26 INFO OutputCommitCoordinator$OutputCommitCoordinatorEndpoint: OutputCommitCoordinator stopped!
15/09/24 14:04:26 INFO SparkContext: Successfully stopped SparkContext
15/09/24 14:04:26 INFO RemoteActorRefProvider$RemotingTerminator: Shutting down remote daemon.
15/09/24 14:04:26 INFO RemoteActorRefProvider$RemotingTerminator: Remote daemon shut down; proceeding with flushing remote transports.
15/09/24 14:04:26 INFO RemoteActorRefProvider$RemotingTerminator: Remoting shut down.
/projects/hpcsupport/steinbac/scads/spark/gpu_12_jobs/drive_bootstrap.py  took  598.884374857  s
15/09/24 14:04:27 INFO ShutdownHookManager: Shutdown hook called
15/09/24 14:04:27 INFO ShutdownHookManager: Deleting directory /tmp/spark-36ff43c2-c955-443d-9c3e-e2fb548408e9/pyspark-14902331-2ecd-4ae6-bc69-3a832ecbb2ac
15/09/24 14:04:27 INFO ShutdownHookManager: Deleting directory /tmp/spark-36ff43c2-c955-443d-9c3e-e2fb548408e9
+ set +x
spark-submit took  602  s
localhost: stopping org.apache.spark.deploy.worker.Worker
stopping org.apache.spark.deploy.master.Master
localhost: no org.apache.spark.deploy.worker.Worker to stop
cleanup slaves file /scratch/users/steinbac/slaves_282405
removed `/scratch/users/steinbac/slaves_282405'
