Sender: LSF System <hpcadmin@n43>
Subject: Job 282402: <spark_pythonbootstrap> in cluster scuba_cluster1 Done

Job <spark_pythonbootstrap> was submitted from host <falcon> by user <steinbac> in cluster <scuba_cluster1>.
Job was executed on host(s) <12*n43>, in queue <gpu>, as user <steinbac> in cluster <scuba_cluster1>.
                            <6*n44>
</home/steinbac> was used as the home directory.
</projects/hpcsupport/steinbac/scads/spark/gpu_18_jobs> was used as the working directory.
Started at Thu Sep 24 13:43:51 2015
Results reported at Thu Sep 24 14:03:52 2015

Your job looked like:

------------------------------------------------------------
# LSBATCH: User input
#!/bin/sh
#BSUB -J spark_pythonbootstrap
#BSUB -W 00:40 
#BSUB -oo spark_pythonbootstrap_%J_${LSB_DJOB_NUMPROC}.log

if [[ -z $SPARK_HOME ]];then
export SPARK_HOME=$HOME/software/spark/1.5.0
fi

# initialize the nodes
python /home/steinbac/development/scads_snakemake_vs_spark/spark/setup/start_spark_lsf.py -m 4G -s /scratch/users/$USER

# creates the slaves file, starts the spark master and worker processes using mpirun
# the "-c" option specifies number of cores per worker
# -m specifies SPARK_MEMORY

# the specific example runs spark's pi estimation with a slices = 100 (first and only argument)
CWD=/projects/hpcsupport/steinbac/scads/spark/gpu_${LSB_DJOB_NUMPROC}_jobs

STARTEPOCH=`date +%s`
set -x
$SPARK_HOME/bin/spark-submit --master spark://$HOSTNAME:7077 --total-executor-cores ${LSB_DJOB_NUMPROC} ${CWD}/drive_bootstrap.py ${CWD} "rotate_only"
set +x
ENDEPOCH=`date +%s`
echo "spark-submit took " $((ENDEPOCH-STARTEPOCH)) " s"

SPARK_SLAVES=/scratch/users/$USER/slaves_$LSB_JOBID
$SPARK_HOME/sbin/stop-all.sh
$SPARK_HOME/sbin/stop-slaves.sh
echo "cleanup slaves file $SPARK_SLAVES"
rm -v $SPARK_SLAVES

------------------------------------------------------------

Successfully completed.

Resource usage summary:

    CPU time   :     61.00 sec.
    Max Memory :       744 MB
    Max Swap   :     14344 MB

    Max Processes  :         6
    Max Threads    :       140

The output (if any) follows:

>> LSB_MCPU_HOSTS n43 12 n44 6 
>> found hosts:  ['n43', 'n44']
master command  /sw/users/steinbac/software/spark/1.5.0/sbin/start-master.sh
starting org.apache.spark.deploy.master.Master, logging to /lustre/projects/hpcsupport/steinbac/software/spark/spark-1.5.0-bin-hadoop2.6/sbin/../logs/spark-steinbac-org.apache.spark.deploy.master.Master-1-n43.out

master set to  n43
>> slave 0/2	ssh n43 /sw/users/steinbac/software/spark/1.5.0/sbin/stop-slaves.sh
localhost: stopping org.apache.spark.deploy.worker.Worker

>> slave 0/2	ssh n43 /sw/users/steinbac/software/spark/1.5.0/sbin/start-slave.sh  -c 12 -m 4G spark://n43:7077 &
starting org.apache.spark.deploy.worker.Worker, logging to /lustre/projects/hpcsupport/steinbac/software/spark/spark-1.5.0-bin-hadoop2.6/sbin/../logs/spark-steinbac-org.apache.spark.deploy.worker.Worker-1-n43.out

>> slave 1/2	ssh n44 /sw/users/steinbac/software/spark/1.5.0/sbin/stop-slaves.sh
localhost: no org.apache.spark.deploy.worker.Worker to stop

>> slave 1/2	ssh n44 /sw/users/steinbac/software/spark/1.5.0/sbin/start-slave.sh  -c 6 -m 4G spark://n43:7077 &
starting org.apache.spark.deploy.worker.Worker, logging to /lustre/projects/hpcsupport/steinbac/software/spark/spark-1.5.0-bin-hadoop2.6/sbin/../logs/spark-steinbac-org.apache.spark.deploy.worker.Worker-1-n44.out

+ /sw/users/steinbac/software/spark/1.5.0/bin/spark-submit --master spark://n43:7077 --total-executor-cores 18 /projects/hpcsupport/steinbac/scads/spark/gpu_18_jobs/drive_bootstrap.py /projects/hpcsupport/steinbac/scads/spark/gpu_18_jobs rotate_only
[drive_bootstrap.py] distributing 592 files from /projects/hpcsupport/steinbac/scads/spark/gpu_18_jobs
Using Spark's default log4j profile: org/apache/spark/log4j-defaults.properties
15/09/24 13:44:10 INFO SparkContext: Running Spark version 1.5.0
15/09/24 13:44:10 WARN NativeCodeLoader: Unable to load native-hadoop library for your platform... using builtin-java classes where applicable
15/09/24 13:44:10 INFO SecurityManager: Changing view acls to: steinbac
15/09/24 13:44:10 INFO SecurityManager: Changing modify acls to: steinbac
15/09/24 13:44:10 INFO SecurityManager: SecurityManager: authentication disabled; ui acls disabled; users with view permissions: Set(steinbac); users with modify permissions: Set(steinbac)
15/09/24 13:44:12 INFO Slf4jLogger: Slf4jLogger started
15/09/24 13:44:12 INFO Remoting: Starting remoting
15/09/24 13:44:12 INFO Remoting: Remoting started; listening on addresses :[akka.tcp://sparkDriver@192.168.0.43:60960]
15/09/24 13:44:12 INFO Utils: Successfully started service 'sparkDriver' on port 60960.
15/09/24 13:44:12 INFO SparkEnv: Registering MapOutputTracker
15/09/24 13:44:12 INFO SparkEnv: Registering BlockManagerMaster
15/09/24 13:44:12 INFO DiskBlockManager: Created local directory at /tmp/blockmgr-61fe6a24-77fd-4f5d-9666-169ee9add6f1
15/09/24 13:44:13 INFO MemoryStore: MemoryStore started with capacity 530.0 MB
15/09/24 13:44:13 INFO HttpFileServer: HTTP File server directory is /tmp/spark-a640d948-5757-4c16-b51c-38dcb8a87fd2/httpd-bd99745e-8d4c-48d3-aa9d-dff9783718cd
15/09/24 13:44:13 INFO HttpServer: Starting HTTP Server
15/09/24 13:44:13 INFO Utils: Successfully started service 'HTTP file server' on port 41212.
15/09/24 13:44:13 INFO SparkEnv: Registering OutputCommitCoordinator
15/09/24 13:44:13 INFO Utils: Successfully started service 'SparkUI' on port 4040.
15/09/24 13:44:13 INFO SparkUI: Started SparkUI at http://192.168.0.43:4040
15/09/24 13:44:13 INFO Utils: Copying /projects/hpcsupport/steinbac/scads/spark/gpu_18_jobs/drive_bootstrap.py to /tmp/spark-a640d948-5757-4c16-b51c-38dcb8a87fd2/userFiles-480050b3-dcfb-4b0b-82b3-3833139940be/drive_bootstrap.py
15/09/24 13:44:13 INFO SparkContext: Added file file:/projects/hpcsupport/steinbac/scads/spark/gpu_18_jobs/drive_bootstrap.py at http://192.168.0.43:41212/files/drive_bootstrap.py with timestamp 1443095053744
15/09/24 13:44:13 WARN MetricsSystem: Using default name DAGScheduler for source because spark.app.id is not set.
15/09/24 13:44:13 INFO AppClient$ClientEndpoint: Connecting to master spark://n43:7077...
15/09/24 13:44:14 INFO SparkDeploySchedulerBackend: Connected to Spark cluster with app ID app-20150924134414-0000
15/09/24 13:44:14 INFO AppClient$ClientEndpoint: Executor added: app-20150924134414-0000/0 on worker-20150924134404-192.168.0.43-41208 (192.168.0.43:41208) with 12 cores
15/09/24 13:44:14 INFO SparkDeploySchedulerBackend: Granted executor ID app-20150924134414-0000/0 on hostPort 192.168.0.43:41208 with 12 cores, 1024.0 MB RAM
15/09/24 13:44:14 INFO AppClient$ClientEndpoint: Executor added: app-20150924134414-0000/1 on worker-20150924134408-192.168.0.44-44856 (192.168.0.44:44856) with 6 cores
15/09/24 13:44:14 INFO SparkDeploySchedulerBackend: Granted executor ID app-20150924134414-0000/1 on hostPort 192.168.0.44:44856 with 6 cores, 1024.0 MB RAM
15/09/24 13:44:14 INFO AppClient$ClientEndpoint: Executor updated: app-20150924134414-0000/0 is now RUNNING
15/09/24 13:44:14 INFO AppClient$ClientEndpoint: Executor updated: app-20150924134414-0000/1 is now RUNNING
15/09/24 13:44:14 INFO AppClient$ClientEndpoint: Executor updated: app-20150924134414-0000/1 is now LOADING
15/09/24 13:44:14 INFO AppClient$ClientEndpoint: Executor updated: app-20150924134414-0000/0 is now LOADING
15/09/24 13:44:14 INFO AppClient$ClientEndpoint: Executor updated: app-20150924134414-0000/1 is now EXITED (Worker shutting down)
15/09/24 13:44:14 INFO SparkDeploySchedulerBackend: Executor app-20150924134414-0000/1 removed: Worker shutting down
15/09/24 13:44:14 INFO SparkDeploySchedulerBackend: Asked to remove non-existent executor 1
15/09/24 13:44:14 INFO AppClient$ClientEndpoint: Executor added: app-20150924134414-0000/2 on worker-20150924134408-192.168.0.44-44856 (192.168.0.44:44856) with 6 cores
15/09/24 13:44:14 INFO SparkDeploySchedulerBackend: Granted executor ID app-20150924134414-0000/2 on hostPort 192.168.0.44:44856 with 6 cores, 1024.0 MB RAM
15/09/24 13:44:14 INFO AppClient$ClientEndpoint: Executor updated: app-20150924134414-0000/2 is now RUNNING
15/09/24 13:44:14 INFO Utils: Successfully started service 'org.apache.spark.network.netty.NettyBlockTransferService' on port 54784.
15/09/24 13:44:14 INFO NettyBlockTransferService: Server created on 54784
15/09/24 13:44:14 INFO BlockManagerMaster: Trying to register BlockManager
15/09/24 13:44:14 INFO BlockManagerMasterEndpoint: Registering block manager 192.168.0.43:54784 with 530.0 MB RAM, BlockManagerId(driver, 192.168.0.43, 54784)
15/09/24 13:44:14 INFO BlockManagerMaster: Registered BlockManager
15/09/24 13:44:15 INFO AppClient$ClientEndpoint: Executor updated: app-20150924134414-0000/2 is now LOST (worker lost)
15/09/24 13:44:15 INFO SparkDeploySchedulerBackend: Executor app-20150924134414-0000/2 removed: worker lost
15/09/24 13:44:15 INFO SparkDeploySchedulerBackend: Asked to remove non-existent executor 2
15/09/24 13:44:15 INFO SparkDeploySchedulerBackend: SchedulerBackend is ready for scheduling beginning after reached minRegisteredResourcesRatio: 0.0
15/09/24 13:44:15 INFO Utils: /projects/hpcsupport/steinbac/scads/spark/gpu_18_jobs/drive_bootstrap.py has been previously copied to /tmp/spark-a640d948-5757-4c16-b51c-38dcb8a87fd2/userFiles-480050b3-dcfb-4b0b-82b3-3833139940be/drive_bootstrap.py
15/09/24 13:44:15 INFO SparkContext: Added file /projects/hpcsupport/steinbac/scads/spark/gpu_18_jobs/drive_bootstrap.py at http://192.168.0.43:41212/files/drive_bootstrap.py with timestamp 1443095055353
15/09/24 13:44:15 INFO Utils: Copying /home/steinbac/development/scads_snakemake_vs_spark/python/bootstrap_utils.py to /tmp/spark-a640d948-5757-4c16-b51c-38dcb8a87fd2/userFiles-480050b3-dcfb-4b0b-82b3-3833139940be/bootstrap_utils.py
15/09/24 13:44:15 INFO SparkContext: Added file /home/steinbac/development/scads_snakemake_vs_spark/python/bootstrap_utils.py at http://192.168.0.43:41212/files/bootstrap_utils.py with timestamp 1443095055370
15/09/24 13:44:16 INFO SparkContext: Starting job: reduce at /projects/hpcsupport/steinbac/scads/spark/gpu_18_jobs/drive_bootstrap.py:114
15/09/24 13:44:16 INFO DAGScheduler: Got job 0 (reduce at /projects/hpcsupport/steinbac/scads/spark/gpu_18_jobs/drive_bootstrap.py:114) with 2 output partitions
15/09/24 13:44:16 INFO DAGScheduler: Final stage: ResultStage 0(reduce at /projects/hpcsupport/steinbac/scads/spark/gpu_18_jobs/drive_bootstrap.py:114)
15/09/24 13:44:16 INFO DAGScheduler: Parents of final stage: List()
15/09/24 13:44:16 INFO DAGScheduler: Missing parents: List()
15/09/24 13:44:16 INFO DAGScheduler: Submitting ResultStage 0 (PythonRDD[1] at reduce at /projects/hpcsupport/steinbac/scads/spark/gpu_18_jobs/drive_bootstrap.py:114), which has no missing parents
15/09/24 13:44:16 INFO MemoryStore: ensureFreeSpace(5000) called with curMem=0, maxMem=555755765
15/09/24 13:44:16 INFO MemoryStore: Block broadcast_0 stored as values in memory (estimated size 4.9 KB, free 530.0 MB)
15/09/24 13:44:16 INFO MemoryStore: ensureFreeSpace(3273) called with curMem=5000, maxMem=555755765
15/09/24 13:44:16 INFO MemoryStore: Block broadcast_0_piece0 stored as bytes in memory (estimated size 3.2 KB, free 530.0 MB)
15/09/24 13:44:16 INFO BlockManagerInfo: Added broadcast_0_piece0 in memory on 192.168.0.43:54784 (size: 3.2 KB, free: 530.0 MB)
15/09/24 13:44:16 INFO SparkContext: Created broadcast 0 from broadcast at DAGScheduler.scala:861
15/09/24 13:44:16 INFO DAGScheduler: Submitting 2 missing tasks from ResultStage 0 (PythonRDD[1] at reduce at /projects/hpcsupport/steinbac/scads/spark/gpu_18_jobs/drive_bootstrap.py:114)
15/09/24 13:44:16 INFO TaskSchedulerImpl: Adding task set 0.0 with 2 tasks
15/09/24 13:44:19 INFO SparkDeploySchedulerBackend: Registered executor: AkkaRpcEndpointRef(Actor[akka.tcp://sparkExecutor@192.168.0.43:57161/user/Executor#1375508319]) with ID 0
15/09/24 13:44:19 INFO TaskSetManager: Starting task 0.0 in stage 0.0 (TID 0, 192.168.0.43, PROCESS_LOCAL, 26872 bytes)
15/09/24 13:44:19 INFO TaskSetManager: Starting task 1.0 in stage 0.0 (TID 1, 192.168.0.43, PROCESS_LOCAL, 26872 bytes)
15/09/24 13:44:20 INFO BlockManagerMasterEndpoint: Registering block manager 192.168.0.43:32794 with 530.0 MB RAM, BlockManagerId(0, 192.168.0.43, 32794)
15/09/24 13:44:21 INFO BlockManagerInfo: Added broadcast_0_piece0 in memory on 192.168.0.43:32794 (size: 3.2 KB, free: 530.0 MB)
15/09/24 14:03:50 INFO TaskSetManager: Finished task 1.0 in stage 0.0 (TID 1) in 1170242 ms on 192.168.0.43 (1/2)
15/09/24 14:03:50 INFO TaskSetManager: Finished task 0.0 in stage 0.0 (TID 0) in 1170386 ms on 192.168.0.43 (2/2)
15/09/24 14:03:50 INFO DAGScheduler: ResultStage 0 (reduce at /projects/hpcsupport/steinbac/scads/spark/gpu_18_jobs/drive_bootstrap.py:114) finished in 1173.827 s
15/09/24 14:03:50 INFO TaskSchedulerImpl: Removed TaskSet 0.0, whose tasks have all completed, from pool 
15/09/24 14:03:50 INFO DAGScheduler: Job 0 finished: reduce at /projects/hpcsupport/steinbac/scads/spark/gpu_18_jobs/drive_bootstrap.py:114, took 1174.200221 s
15/09/24 14:03:50 INFO SparkUI: Stopped Spark web UI at http://192.168.0.43:4040
15/09/24 14:03:50 INFO DAGScheduler: Stopping DAGScheduler
15/09/24 14:03:50 INFO SparkDeploySchedulerBackend: Shutting down all executors
15/09/24 14:03:50 INFO SparkDeploySchedulerBackend: Asking each executor to shut down
15/09/24 14:03:50 INFO MapOutputTrackerMasterEndpoint: MapOutputTrackerMasterEndpoint stopped!
15/09/24 14:03:50 INFO MemoryStore: MemoryStore cleared
15/09/24 14:03:50 INFO BlockManager: BlockManager stopped
15/09/24 14:03:50 INFO BlockManagerMaster: BlockManagerMaster stopped
15/09/24 14:03:50 INFO OutputCommitCoordinator$OutputCommitCoordinatorEndpoint: OutputCommitCoordinator stopped!
15/09/24 14:03:50 INFO SparkContext: Successfully stopped SparkContext
15/09/24 14:03:50 INFO RemoteActorRefProvider$RemotingTerminator: Shutting down remote daemon.
15/09/24 14:03:50 INFO RemoteActorRefProvider$RemotingTerminator: Remote daemon shut down; proceeding with flushing remote transports.
15/09/24 14:03:50 INFO RemoteActorRefProvider$RemotingTerminator: Remoting shut down.
/projects/hpcsupport/steinbac/scads/spark/gpu_18_jobs/drive_bootstrap.py  took  1181.66353011  s
15/09/24 14:03:51 INFO ShutdownHookManager: Shutdown hook called
15/09/24 14:03:51 INFO ShutdownHookManager: Deleting directory /tmp/spark-a640d948-5757-4c16-b51c-38dcb8a87fd2
+ set +x
spark-submit took  1186  s
localhost: stopping org.apache.spark.deploy.worker.Worker
stopping org.apache.spark.deploy.master.Master
localhost: no org.apache.spark.deploy.worker.Worker to stop
cleanup slaves file /scratch/users/steinbac/slaves_282402
removed `/scratch/users/steinbac/slaves_282402'
