Sender: LSF System <hpcadmin@n42>
Subject: Job 282313: <rotate_3> in cluster scuba_cluster1 Done

Job <rotate_3> was submitted from host <falcon> by user <steinbac> in cluster <scuba_cluster1>.
Job was executed on host(s) <12*n42>, in queue <gpu>, as user <steinbac> in cluster <scuba_cluster1>.
</home/steinbac> was used as the home directory.
</projects/hpcsupport/steinbac/scads/standalone> was used as the working directory.
Started at Thu Sep 24 11:40:41 2015
Results reported at Thu Sep 24 11:42:42 2015

Your job looked like:

------------------------------------------------------------
# LSBATCH: User input
#!/bin/bash
#BSUB -J 'rotate_3'
#BSUB -W 01:00
#BSUB -q gpu
#BSUB -n 12
#BSUB -R "span[hosts=1]"
#BSUB -o rotate_3_%J.log

for i in `seq 1 3`;
do
    FILES=`lfs ls /projects/hpcsupport/steinbac/scads/standalone/*[0-9].jpg|egrep -v '_n4'`
    python /projects/hpcsupport/steinbac/scads/standalone/bootstrap_images.py -v -j 12 -r -n "_r${i}_${HOSTNAME}" ${FILES}
done
------------------------------------------------------------

Successfully completed.

Resource usage summary:

    CPU time   :    675.30 sec.
    Max Memory :     28275 MB
    Max Swap   :     35013 MB

    Max Processes  :        16
    Max Threads    :        20

The output (if any) follows:

/lustre/projects/hpcsupport/steinbac/development/scads_snakemake_vs_spark/python/bootstrap_utils.pyc  rotating by  61
/projects/hpcsupport/steinbac/scads/standalone/imagenet_fall2010_136_r1_n42.jpg  written to disk
/lustre/projects/hpcsupport/steinbac/development/scads_snakemake_vs_spark/python/bootstrap_utils.pyc  rotating by  122
/projects/hpcsupport/steinbac/scads/standalone/imagenet_fall2010_332_r1_n42.jpg  written to disk
/lustre/projects/hpcsupport/steinbac/development/scads_snakemake_vs_spark/python/bootstrap_utils.pyc  rotating by  132
/projects/hpcsupport/steinbac/scads/standalone/imagenet_fall2010_200_r1_n42.jpg  written to disk
/lustre/projects/hpcsupport/steinbac/development/scads_snakemake_vs_spark/python/bootstrap_utils.pyc  rotating by  140
/projects/hpcsupport/steinbac/scads/standalone/imagenet_fall2010_354_r1_n42.jpg  written to disk
/lustre/projects/hpcsupport/steinbac/development/scads_snakemake_vs_spark/python/bootstrap_utils.pyc  rotating by  123
/projects/hpcsupport/steinbac/scads/standalone/imagenet_fall2010_369_r1_n42.jpg  written to disk
/lustre/projects/hpcsupport/steinbac/development/scads_snakemake_vs_spark/python/bootstrap_utils.pyc  rotating by  70
/projects/hpcsupport/steinbac/scads/standalone/imagenet_fall2010_137_r1_n42.jpg  written to disk
/lustre/projects/hpcsupport/steinbac/development/scads_snakemake_vs_spark/python/bootstrap_utils.pyc  rotating by  353
/projects/hpcsupport/steinbac/scads/standalone/imagenet_fall2010_245_r1_n42.jpg  written to disk
/lustre/projects/hpcsupport/steinbac/development/scads_snakemake_vs_spark/python/bootstrap_utils.pyc  rotating by  294
/projects/hpcsupport/steinbac/scads/standalone/imagenet_fall2010_210_r1_n42.jpg  written to disk
/lustre/projects/hpcsupport/steinbac/development/scads_snakemake_vs_spark/python/bootstrap_utils.pyc  rotating by  184
/projects/hpcsupport/steinbac/scads/standalone/imagenet_fall2010_130_r1_n42.jpg  written to disk
/lustre/projects/hpcsupport/steinbac/development/scads_snakemake_vs_spark/python/bootstrap_utils.pyc  rotating by  43
/projects/hpcsupport/steinbac/scads/standalone/imagenet_fall2010_313_r1_n42.jpg  written to disk
/lustre/projects/hpcsupport/steinbac/development/scads_snakemake_vs_spark/python/bootstrap_utils.pyc  rotating by  83
/projects/hpcsupport/steinbac/scads/standalone/imagenet_fall2010_153_r1_n42.jpg  written to disk
/lustre/projects/hpcsupport/steinbac/development/scads_snakemake_vs_spark/python/bootstrap_utils.pyc  rotating by  185
/projects/hpcsupport/steinbac/scads/standalone/imagenet_fall2010_301_r1_n42.jpg  written to disk
/lustre/projects/hpcsupport/steinbac/development/scads_snakemake_vs_spark/python/bootstrap_utils.pyc  rotating by  322
/projects/hpcsupport/steinbac/scads/standalone/imagenet_fall2010_221_r1_n42.jpg  written to disk
/lustre/projects/hpcsupport/steinbac/development/scads_snakemake_vs_spark/python/bootstrap_utils.pyc  rotating by  128
/projects/hpcsupport/steinbac/scads/standalone/imagenet_fall2010_227_r1_n42.jpg  written to disk
/lustre/projects/hpcsupport/steinbac/development/scads_snakemake_vs_spark/python/bootstrap_utils.pyc  rotating by  348
/projects/hpcsupport/steinbac/scads/standalone/imagenet_fall2010_15_r1_n42.jpg  written to disk
/lustre/projects/hpcsupport/steinbac/development/scads_snakemake_vs_spark/python/bootstrap_utils.pyc  rotating by  65
/projects/hpcsupport/steinbac/scads/standalone/imagenet_fall2010_281_r1_n42.jpg  written to disk
/lustre/projects/hpcsupport/steinbac/development/scads_snakemake_vs_spark/python/bootstrap_utils.pyc  rotating by  243
/projects/hpcsupport/steinbac/scads/standalone/imagenet_fall2010_197_r1_n42.jpg  written to disk
/lustre/projects/hpcsupport/steinbac/development/scads_snakemake_vs_spark/python/bootstrap_utils.pyc  rotating by  161
/projects/hpcsupport/steinbac/scads/standalone/imagenet_fall2010_288_r1_n42.jpg  written to disk
/lustre/projects/hpcsupport/steinbac/development/scads_snakemake_vs_spark/python/bootstrap_utils.pyc  rotating by  271
/projects/hpcsupport/steinbac/scads/standalone/imagenet_fall2010_155_r1_n42.jpg  written to disk
/lustre/projects/hpcsupport/steinbac/development/scads_snakemake_vs_spark/python/bootstrap_utils.pyc  rotating by  54
/projects/hpcsupport/steinbac/scads/standalone/imagenet_fall2010_297_r1_n42.jpg  written to disk
/lustre/projects/hpcsupport/steinbac/development/scads_snakemake_vs_spark/python/bootstrap_utils.pyc  rotating by  198
/projects/hpcsupport/steinbac/scads/standalone/imagenet_fall2010_276_r1_n42.jpg  written to disk
/lustre/projects/hpcsupport/steinbac/development/scads_snakemake_vs_spark/python/bootstrap_utils.pyc  rotating by  249
/projects/hpcsupport/steinbac/scads/standalone/imagenet_fall2010_116_r1_n42.jpg  written to disk
/lustre/projects/hpcsupport/steinbac/development/scads_snakemake_vs_spark/python/bootstrap_utils.pyc  rotating by  207
/projects/hpcsupport/steinbac/scads/standalone/imagenet_fall2010_362_r1_n42.jpg  written to disk
/lustre/projects/hpcsupport/steinbac/development/scads_snakemake_vs_spark/python/bootstrap_utils.pyc  rotating by  35
/projects/hpcsupport/steinbac/scads/standalone/imagenet_fall2010_315_r1_n42.jpg  written to disk
/lustre/projects/hpcsupport/steinbac/development/scads_snakemake_vs_spark/python/bootstrap_utils.pyc  rotating by  1
/projects/hpcsupport/steinbac/scads/standalone/imagenet_fall2010_36_r1_n42.jpg  written to disk
/lustre/projects/hpcsupport/steinbac/development/scads_snakemake_vs_spark/python/bootstrap_utils.pyc  rotating by  75
/projects/hpcsupport/steinbac/scads/standalone/imagenet_fall2010_216_r1_n42.jpg  written to disk
/lustre/projects/hpcsupport/steinbac/development/scads_snakemake_vs_spark/python/bootstrap_utils.pyc  rotating by  296
/projects/hpcsupport/steinbac/scads/standalone/imagenet_fall2010_262_r1_n42.jpg  written to disk
/lustre/projects/hpcsupport/steinbac/development/scads_snakemake_vs_spark/python/bootstrap_utils.pyc  rotating by  249
/projects/hpcsupport/steinbac/scads/standalone/imagenet_fall2010_342_r1_n42.jpg  written to disk
/lustre/projects/hpcsupport/steinbac/development/scads_snakemake_vs_spark/python/bootstrap_utils.pyc  rotating by  271
/projects/hpcsupport/steinbac/scads/standalone/imagenet_fall2010_107_r1_n42.jpg  written to disk
/lustre/projects/hpcsupport/steinbac/development/scads_snakemake_vs_spark/python/bootstrap_utils.pyc  rotating by  60
/projects/hpcsupport/steinbac/scads/standalone/imagenet_fall2010_258_r1_n42.jpg  written to disk
/lustre/projects/hpcsupport/steinbac/development/scads_snakemake_vs_spark/python/bootstrap_utils.pyc  rotating by  0
/projects/hpcsupport/steinbac/scads/standalone/imagenet_fall2010_350_r2_n42.jpg  written to disk
/lustre/projects/hpcsupport/steinbac/development/scads_snakemake_vs_spark/python/bootstrap_utils.pyc  rotating by  82
/projects/hpcsupport/steinbac/scads/standalone/imagenet_fall2010_338_r2_n42.jpg  written to disk
/lustre/projects/hpcsupport/steinbac/development/scads_snakemake_vs_spark/python/bootstrap_utils.pyc  rotating by  10
/projects/hpcsupport/steinbac/scads/standalone/imagenet_fall2010_289_r2_n42.jpg  written to disk
/lustre/projects/hpcsupport/steinbac/development/scads_snakemake_vs_spark/python/bootstrap_utils.pyc  rotating by  308
/projects/hpcsupport/steinbac/scads/standalone/imagenet_fall2010_337_r2_n42.jpg  written to disk
/lustre/projects/hpcsupport/steinbac/development/scads_snakemake_vs_spark/python/bootstrap_utils.pyc  rotating by  175
/projects/hpcsupport/steinbac/scads/standalone/imagenet_fall2010_233_r2_n42.jpg  written to disk
/lustre/projects/hpcsupport/steinbac/development/scads_snakemake_vs_spark/python/bootstrap_utils.pyc  rotating by  123
/projects/hpcsupport/steinbac/scads/standalone/imagenet_fall2010_173_r2_n42.jpg  written to disk
/lustre/projects/hpcsupport/steinbac/development/scads_snakemake_vs_spark/python/bootstrap_utils.pyc  rotating by  116
/projects/hpcsupport/steinbac/scads/standalone/imagenet_fall2010_132_r2_n42.jpg  written to disk
/lustre/projects/hpcsupport/steinbac/development/scads_snakemake_vs_spark/python/bootstrap_utils.pyc  rotating by  211
/projects/hpcsupport/steinbac/scads/standalone/imagenet_fall2010_365_r2_n42.jpg  written to disk
/lustre/projects/hpcsupport/steinbac/development/scads_snakemake_vs_spark/python/bootstrap_utils.pyc  rotating by  70
/projects/hpcsupport/steinbac/scads/standalone/imagenet_fall2010_293_r2_n42.jpg  written to disk
/lustre/projects/hpcsupport/steinbac/development/scads_snakemake_vs_spark/python/bootstrap_utils.pyc  rotating by  4
/projects/hpcsupport/steinbac/scads/standalone/imagenet_fall2010_192_r2_n42.jpg  written to disk
/lustre/projects/hpcsupport/steinbac/development/scads_snakemake_vs_spark/python/bootstrap_utils.pyc  rotating by  4
/projects/hpcsupport/steinbac/scads/standalone/imagenet_fall2010_345_r2_n42.jpg  written to disk
/lustre/projects/hpcsupport/steinbac/development/scads_snakemake_vs_spark/python/bootstrap_utils.pyc  rotating by  52
/projects/hpcsupport/steinbac/scads/standalone/imagenet_fall2010_284_r2_n42.jpg  written to disk
/lustre/projects/hpcsupport/steinbac/development/scads_snakemake_vs_spark/python/bootstrap_utils.pyc  rotating by  49
/projects/hpcsupport/steinbac/scads/standalone/imagenet_fall2010_355_r2_n42.jpg  written to disk
/lustre/projects/hpcsupport/steinbac/development/scads_snakemake_vs_spark/python/bootstrap_utils.pyc  rotating by  142
/projects/hpcsupport/steinbac/scads/standalone/imagenet_fall2010_264_r2_n42.jpg  written to disk
/lustre/projects/hpcsupport/steinbac/development/scads_snakemake_vs_spark/python/bootstrap_utils.pyc  rotating by  55
/projects/hpcsupport/steinbac/scads/standalone/imagenet_fall2010_106_r2_n42.jpg  written to disk
/lustre/projects/hpcsupport/steinbac/development/scads_snakemake_vs_spark/python/bootstrap_utils.pyc  rotating by  237
/projects/hpcsupport/steinbac/scads/standalone/imagenet_fall2010_202_r2_n42.jpg  written to disk
/lustre/projects/hpcsupport/steinbac/development/scads_snakemake_vs_spark/python/bootstrap_utils.pyc  rotating by  349
/projects/hpcsupport/steinbac/scads/standalone/imagenet_fall2010_218_r2_n42.jpg  written to disk
/lustre/projects/hpcsupport/steinbac/development/scads_snakemake_vs_spark/python/bootstrap_utils.pyc  rotating by  296
/projects/hpcsupport/steinbac/scads/standalone/imagenet_fall2010_142_r2_n42.jpg  written to disk
/lustre/projects/hpcsupport/steinbac/development/scads_snakemake_vs_spark/python/bootstrap_utils.pyc  rotating by  9
/projects/hpcsupport/steinbac/scads/standalone/imagenet_fall2010_254_r2_n42.jpg  written to disk
/lustre/projects/hpcsupport/steinbac/development/scads_snakemake_vs_spark/python/bootstrap_utils.pyc  rotating by  239
/projects/hpcsupport/steinbac/scads/standalone/imagenet_fall2010_335_r2_n42.jpg  written to disk
/lustre/projects/hpcsupport/steinbac/development/scads_snakemake_vs_spark/python/bootstrap_utils.pyc  rotating by  336
/projects/hpcsupport/steinbac/scads/standalone/imagenet_fall2010_231_r2_n42.jpg  written to disk
/lustre/projects/hpcsupport/steinbac/development/scads_snakemake_vs_spark/python/bootstrap_utils.pyc  rotating by  54
/projects/hpcsupport/steinbac/scads/standalone/imagenet_fall2010_330_r2_n42.jpg  written to disk
/lustre/projects/hpcsupport/steinbac/development/scads_snakemake_vs_spark/python/bootstrap_utils.pyc  rotating by  43
/projects/hpcsupport/steinbac/scads/standalone/imagenet_fall2010_225_r2_n42.jpg  written to disk
/lustre/projects/hpcsupport/steinbac/development/scads_snakemake_vs_spark/python/bootstrap_utils.pyc  rotating by  110
/projects/hpcsupport/steinbac/scads/standalone/imagenet_fall2010_32_r2_n42.jpg  written to disk
/lustre/projects/hpcsupport/steinbac/development/scads_snakemake_vs_spark/python/bootstrap_utils.pyc  rotating by  69
/projects/hpcsupport/steinbac/scads/standalone/imagenet_fall2010_170_r2_n42.jpg  written to disk
/lustre/projects/hpcsupport/steinbac/development/scads_snakemake_vs_spark/python/bootstrap_utils.pyc  rotating by  189
/projects/hpcsupport/steinbac/scads/standalone/imagenet_fall2010_339_r2_n42.jpg  written to disk
/lustre/projects/hpcsupport/steinbac/development/scads_snakemake_vs_spark/python/bootstrap_utils.pyc  rotating by  199
/projects/hpcsupport/steinbac/scads/standalone/imagenet_fall2010_135_r2_n42.jpg  written to disk
/lustre/projects/hpcsupport/steinbac/development/scads_snakemake_vs_spark/python/bootstrap_utils.pyc  rotating by  330
/projects/hpcsupport/steinbac/scads/standalone/imagenet_fall2010_273_r2_n42.jpg  written to disk
/lustre/projects/hpcsupport/steinbac/development/scads_snakemake_vs_spark/python/bootstrap_utils.pyc  rotating by  211
/projects/hpcsupport/steinbac/scads/standalone/imagenet_fall2010_204_r2_n42.jpg  written to disk
/lustre/projects/hpcsupport/steinbac/development/scads_snakemake_vs_spark/python/bootstrap_utils.pyc  rotating by  139
/projects/hpcsupport/steinbac/scads/standalone/imagenet_fall2010_122_r2_n42.jpg  written to disk
/lustre/projects/hpcsupport/steinbac/development/scads_snakemake_vs_spark/python/bootstrap_utils.pyc  rotating by  346
/projects/hpcsupport/steinbac/scads/standalone/imagenet_fall2010_30_r2_n42.jpg  written to disk
/lustre/projects/hpcsupport/steinbac/development/scads_snakemake_vs_spark/python/bootstrap_utils.pyc  rotating by  20
/projects/hpcsupport/steinbac/scads/standalone/imagenet_fall2010_199_r2_n42.jpg  written to disk
/lustre/projects/hpcsupport/steinbac/development/scads_snakemake_vs_spark/python/bootstrap_utils.pyc  rotating by  147
/projects/hpcsupport/steinbac/scads/standalone/imagenet_fall2010_334_r2_n42.jpg  written to disk
/lustre/projects/hpcsupport/steinbac/development/scads_snakemake_vs_spark/python/bootstrap_utils.pyc  rotating by  320
/projects/hpcsupport/steinbac/scads/standalone/imagenet_fall2010_287_r2_n42.jpg  written to disk
/lustre/projects/hpcsupport/steinbac/development/scads_snakemake_vs_spark/python/bootstrap_utils.pyc  rotating by  226
/projects/hpcsupport/steinbac/scads/standalone/imagenet_fall2010_13_r2_n42.jpg  written to disk
/lustre/projects/hpcsupport/steinbac/development/scads_snakemake_vs_spark/python/bootstrap_utils.pyc  rotating by  258
/projects/hpcsupport/steinbac/scads/standalone/imagenet_fall2010_247_r2_n42.jpg  written to disk
/lustre/projects/hpcsupport/steinbac/development/scads_snakemake_vs_spark/python/bootstrap_utils.pyc  rotating by  35
/projects/hpcsupport/steinbac/scads/standalone/imagenet_fall2010_160_r2_n42.jpg  written to disk
/lustre/projects/hpcsupport/steinbac/development/scads_snakemake_vs_spark/python/bootstrap_utils.pyc  rotating by  7
/projects/hpcsupport/steinbac/scads/standalone/imagenet_fall2010_306_r2_n42.jpg  written to disk
/lustre/projects/hpcsupport/steinbac/development/scads_snakemake_vs_spark/python/bootstrap_utils.pyc  rotating by  16
/projects/hpcsupport/steinbac/scads/standalone/imagenet_fall2010_300_r2_n42.jpg  written to disk
/lustre/projects/hpcsupport/steinbac/development/scads_snakemake_vs_spark/python/bootstrap_utils.pyc  rotating by  54
/projects/hpcsupport/steinbac/scads/standalone/imagenet_fall2010_16_r2_n42.jpg  written to disk
/lustre/projects/hpcsupport/steinbac/development/scads_snakemake_vs_spark/python/bootstrap_utils.pyc  rotating by  325
/projects/hpcsupport/steinbac/scads/standalone/imagenet_fall2010_271_r2_n42.jpg  written to disk
/lustre/projects/hpcsupport/steinbac/development/scads_snakemake_vs_spark/python/bootstrap_utils.pyc  rotating by  228
/projects/hpcsupport/steinbac/scads/standalone/imagenet_fall2010_232_r2_n42.jpg  written to disk
/lustre/projects/hpcsupport/steinbac/development/scads_snakemake_vs_spark/python/bootstrap_utils.pyc  rotating by  195
/projects/hpcsupport/steinbac/scads/standalone/imagenet_fall2010_299_r2_n42.jpg  written to disk
/lustre/projects/hpcsupport/steinbac/development/scads_snakemake_vs_spark/python/bootstrap_utils.pyc  rotating by  357
/projects/hpcsupport/steinbac/scads/standalone/imagenet_fall2010_191_r2_n42.jpg  written to disk
/lustre/projects/hpcsupport/steinbac/development/scads_snakemake_vs_spark/python/bootstrap_utils.pyc  rotating by  81
/projects/hpcsupport/steinbac/scads/standalone/imagenet_fall2010_114_r2_n42.jpg  written to disk
/lustre/projects/hpcsupport/steinbac/development/scads_snakemake_vs_spark/python/bootstrap_utils.pyc  rotating by  46
/projects/hpcsupport/steinbac/scads/standalone/imagenet_fall2010_329_r2_n42.jpg  written to disk
/lustre/projects/hpcsupport/steinbac/development/scads_snakemake_vs_spark/python/bootstrap_utils.pyc  rotating by  139
/projects/hpcsupport/steinbac/scads/standalone/imagenet_fall2010_305_r2_n42.jpg  written to disk
/lustre/projects/hpcsupport/steinbac/development/scads_snakemake_vs_spark/python/bootstrap_utils.pyc  rotating by  308
/projects/hpcsupport/steinbac/scads/standalone/imagenet_fall2010_220_r2_n42.jpg  written to disk
/lustre/projects/hpcsupport/steinbac/development/scads_snakemake_vs_spark/python/bootstrap_utils.pyc  rotating by  324
/projects/hpcsupport/steinbac/scads/standalone/imagenet_fall2010_147_r2_n42.jpg  written to disk
/lustre/projects/hpcsupport/steinbac/development/scads_snakemake_vs_spark/python/bootstrap_utils.pyc  rotating by  252
/projects/hpcsupport/steinbac/scads/standalone/imagenet_fall2010_107_r2_n42.jpg  written to disk
/lustre/projects/hpcsupport/steinbac/development/scads_snakemake_vs_spark/python/bootstrap_utils.pyc  rotating by  34
/projects/hpcsupport/steinbac/scads/standalone/imagenet_fall2010_258_r2_n42.jpg  written to disk
/lustre/projects/hpcsupport/steinbac/development/scads_snakemake_vs_spark/python/bootstrap_utils.pyc  rotating by  276
/projects/hpcsupport/steinbac/scads/standalone/imagenet_fall2010_158_r2_n42.jpg  written to disk
/lustre/projects/hpcsupport/steinbac/development/scads_snakemake_vs_spark/python/bootstrap_utils.pyc  rotating by  108
/projects/hpcsupport/steinbac/scads/standalone/imagenet_fall2010_270_r2_n42.jpg  written to disk
/lustre/projects/hpcsupport/steinbac/development/scads_snakemake_vs_spark/python/bootstrap_utils.pyc  rotating by  137
/projects/hpcsupport/steinbac/scads/standalone/imagenet_fall2010_175_r2_n42.jpg  written to disk
/lustre/projects/hpcsupport/steinbac/development/scads_snakemake_vs_spark/python/bootstrap_utils.pyc  rotating by  224
/projects/hpcsupport/steinbac/scads/standalone/imagenet_fall2010_112_r2_n42.jpg  written to disk
/lustre/projects/hpcsupport/steinbac/development/scads_snakemake_vs_spark/python/bootstrap_utils.pyc  rotating by  257
/projects/hpcsupport/steinbac/scads/standalone/imagenet_fall2010_346_r2_n42.jpg  written to disk
/lustre/projects/hpcsupport/steinbac/development/scads_snakemake_vs_spark/python/bootstrap_utils.pyc  rotating by  345
/projects/hpcsupport/steinbac/scads/standalone/imagenet_fall2010_259_r2_n42.jpg  written to disk
/lustre/projects/hpcsupport/steinbac/development/scads_snakemake_vs_spark/python/bootstrap_utils.pyc  rotating by  148
/projects/hpcsupport/steinbac/scads/standalone/imagenet_fall2010_185_r2_n42.jpg  written to disk
/lustre/projects/hpcsupport/steinbac/development/scads_snakemake_vs_spark/python/bootstrap_utils.pyc  rotating by  190
/projects/hpcsupport/steinbac/scads/standalone/imagenet_fall2010_280_r2_n42.jpg  written to disk
/lustre/projects/hpcsupport/steinbac/development/scads_snakemake_vs_spark/python/bootstrap_utils.pyc  rotating by  202
/projects/hpcsupport/steinbac/scads/standalone/imagenet_fall2010_249_r2_n42.jpg  written to disk
/lustre/projects/hpcsupport/steinbac/development/scads_snakemake_vs_spark/python/bootstrap_utils.pyc  rotating by  201
/projects/hpcsupport/steinbac/scads/standalone/imagenet_fall2010_183_r2_n42.jpg  written to disk
/lustre/projects/hpcsupport/steinbac/development/scads_snakemake_vs_spark/python/bootstrap_utils.pyc  rotating by  282
/projects/hpcsupport/steinbac/scads/standalone/imagenet_fall2010_171_r2_n42.jpg  written to disk
/lustre/projects/hpcsupport/steinbac/development/scads_snakemake_vs_spark/python/bootstrap_utils.pyc  rotating by  245
/projects/hpcsupport/steinbac/scads/standalone/imagenet_fall2010_367_r2_n42.jpg  written to disk
/lustre/projects/hpcsupport/steinbac/development/scads_snakemake_vs_spark/python/bootstrap_utils.pyc  rotating by  30
/projects/hpcsupport/steinbac/scads/standalone/imagenet_fall2010_188_r2_n42.jpg  written to disk
/lustre/projects/hpcsupport/steinbac/development/scads_snakemake_vs_spark/python/bootstrap_utils.pyc  rotating by  161
/projects/hpcsupport/steinbac/scads/standalone/imagenet_fall2010_223_r2_n42.jpg  written to disk
/lustre/projects/hpcsupport/steinbac/development/scads_snakemake_vs_spark/python/bootstrap_utils.pyc  rotating by  125
/projects/hpcsupport/steinbac/scads/standalone/imagenet_fall2010_222_r2_n42.jpg  written to disk
/lustre/projects/hpcsupport/steinbac/development/scads_snakemake_vs_spark/python/bootstrap_utils.pyc  rotating by  49
/projects/hpcsupport/steinbac/scads/standalone/imagenet_fall2010_144_r2_n42.jpg  written to disk
/lustre/projects/hpcsupport/steinbac/development/scads_snakemake_vs_spark/python/bootstrap_utils.pyc  rotating by  169
/projects/hpcsupport/steinbac/scads/standalone/imagenet_fall2010_213_r2_n42.jpg  written to disk
/lustre/projects/hpcsupport/steinbac/development/scads_snakemake_vs_spark/python/bootstrap_utils.pyc  rotating by  185
/projects/hpcsupport/steinbac/scads/standalone/imagenet_fall2010_253_r2_n42.jpg  written to disk
/lustre/projects/hpcsupport/steinbac/development/scads_snakemake_vs_spark/python/bootstrap_utils.pyc  rotating by  207
/projects/hpcsupport/steinbac/scads/standalone/imagenet_fall2010_148_r2_n42.jpg  written to disk
/lustre/projects/hpcsupport/steinbac/development/scads_snakemake_vs_spark/python/bootstrap_utils.pyc  rotating by  193
/projects/hpcsupport/steinbac/scads/standalone/imagenet_fall2010_196_r2_n42.jpg  written to disk
/lustre/projects/hpcsupport/steinbac/development/scads_snakemake_vs_spark/python/bootstrap_utils.pyc  rotating by  353
/projects/hpcsupport/steinbac/scads/standalone/imagenet_fall2010_164_r2_n42.jpg  written to disk
/lustre/projects/hpcsupport/steinbac/development/scads_snakemake_vs_spark/python/bootstrap_utils.pyc  rotating by  176
/projects/hpcsupport/steinbac/scads/standalone/imagenet_fall2010_129_r2_n42.jpg  written to disk
/lustre/projects/hpcsupport/steinbac/development/scads_snakemake_vs_spark/python/bootstrap_utils.pyc  rotating by  154
/projects/hpcsupport/steinbac/scads/standalone/imagenet_fall2010_174_r2_n42.jpg  written to disk
/lustre/projects/hpcsupport/steinbac/development/scads_snakemake_vs_spark/python/bootstrap_utils.pyc  rotating by  295
/projects/hpcsupport/steinbac/scads/standalone/imagenet_fall2010_190_r2_n42.jpg  written to disk
/lustre/projects/hpcsupport/steinbac/development/scads_snakemake_vs_spark/python/bootstrap_utils.pyc  rotating by  311
/projects/hpcsupport/steinbac/scads/standalone/imagenet_fall2010_203_r2_n42.jpg  written to disk
/lustre/projects/hpcsupport/steinbac/development/scads_snakemake_vs_spark/python/bootstrap_utils.pyc  rotating by  253
/projects/hpcsupport/steinbac/scads/standalone/imagenet_fall2010_141_r2_n42.jpg  written to disk
/lustre/projects/hpcsupport/steinbac/development/scads_snakemake_vs_spark/python/bootstrap_utils.pyc  rotating by  33
/projects/hpcsupport/steinbac/scads/standalone/imagenet_fall2010_266_r2_n42.jpg  written to disk
/lustre/projects/hpcsupport/steinbac/development/scads_snakemake_vs_spark/python/bootstrap_utils.pyc  rotating by  209
/projects/hpcsupport/steinbac/scads/standalone/imagenet_fall2010_156_r2_n42.jpg  written to disk
/lustre/projects/hpcsupport/steinbac/development/scads_snakemake_vs_spark/python/bootstrap_utils.pyc  rotating by  313
/projects/hpcsupport/steinbac/scads/standalone/imagenet_fall2010_230_r2_n42.jpg  written to disk
/lustre/projects/hpcsupport/steinbac/development/scads_snakemake_vs_spark/python/bootstrap_utils.pyc  rotating by  282
/projects/hpcsupport/steinbac/scads/standalone/imagenet_fall2010_302_r2_n42.jpg  written to disk
/lustre/projects/hpcsupport/steinbac/development/scads_snakemake_vs_spark/python/bootstrap_utils.pyc  rotating by  191
/projects/hpcsupport/steinbac/scads/standalone/imagenet_fall2010_282_r2_n42.jpg  written to disk
/lustre/projects/hpcsupport/steinbac/development/scads_snakemake_vs_spark/python/bootstrap_utils.pyc  rotating by  31
/projects/hpcsupport/steinbac/scads/standalone/imagenet_fall2010_178_r2_n42.jpg  written to disk
/lustre/projects/hpcsupport/steinbac/development/scads_snakemake_vs_spark/python/bootstrap_utils.pyc  rotating by  149
/projects/hpcsupport/steinbac/scads/standalone/imagenet_fall2010_303_r2_n42.jpg  written to disk
/lustre/projects/hpcsupport/steinbac/development/scads_snakemake_vs_spark/python/bootstrap_utils.pyc  rotating by  286
/projects/hpcsupport/steinbac/scads/standalone/imagenet_fall2010_311_r2_n42.jpg  written to disk
/lustre/projects/hpcsupport/steinbac/development/scads_snakemake_vs_spark/python/bootstrap_utils.pyc  rotating by  97
/projects/hpcsupport/steinbac/scads/standalone/imagenet_fall2010_104_r2_n42.jpg  written to disk
/lustre/projects/hpcsupport/steinbac/development/scads_snakemake_vs_spark/python/bootstrap_utils.pyc  rotating by  311
/projects/hpcsupport/steinbac/scads/standalone/imagenet_fall2010_226_r2_n42.jpg  written to disk
/lustre/projects/hpcsupport/steinbac/development/scads_snakemake_vs_spark/python/bootstrap_utils.pyc  rotating by  224
/projects/hpcsupport/steinbac/scads/standalone/imagenet_fall2010_237_r2_n42.jpg  written to disk
/lustre/projects/hpcsupport/steinbac/development/scads_snakemake_vs_spark/python/bootstrap_utils.pyc  rotating by  70
/projects/hpcsupport/steinbac/scads/standalone/imagenet_fall2010_161_r2_n42.jpg  written to disk
/lustre/projects/hpcsupport/steinbac/development/scads_snakemake_vs_spark/python/bootstrap_utils.pyc  rotating by  300
/projects/hpcsupport/steinbac/scads/standalone/imagenet_fall2010_100_r2_n42.jpg  written to disk
/lustre/projects/hpcsupport/steinbac/development/scads_snakemake_vs_spark/python/bootstrap_utils.pyc  rotating by  260
/projects/hpcsupport/steinbac/scads/standalone/imagenet_fall2010_307_r2_n42.jpg  written to disk
/lustre/projects/hpcsupport/steinbac/development/scads_snakemake_vs_spark/python/bootstrap_utils.pyc  rotating by  262
/projects/hpcsupport/steinbac/scads/standalone/imagenet_fall2010_243_r2_n42.jpg  written to disk
/lustre/projects/hpcsupport/steinbac/development/scads_snakemake_vs_spark/python/bootstrap_utils.pyc  rotating by  84
/projects/hpcsupport/steinbac/scads/standalone/imagenet_fall2010_182_r2_n42.jpg  written to disk
/lustre/projects/hpcsupport/steinbac/development/scads_snakemake_vs_spark/python/bootstrap_utils.pyc  rotating by  219
/projects/hpcsupport/steinbac/scads/standalone/imagenet_fall2010_129_r3_n42.jpg  written to disk
/lustre/projects/hpcsupport/steinbac/development/scads_snakemake_vs_spark/python/bootstrap_utils.pyc  rotating by  142
/projects/hpcsupport/steinbac/scads/standalone/imagenet_fall2010_174_r3_n42.jpg  written to disk
/lustre/projects/hpcsupport/steinbac/development/scads_snakemake_vs_spark/python/bootstrap_utils.pyc  rotating by  131
/projects/hpcsupport/steinbac/scads/standalone/imagenet_fall2010_190_r3_n42.jpg  written to disk
/lustre/projects/hpcsupport/steinbac/development/scads_snakemake_vs_spark/python/bootstrap_utils.pyc  rotating by  121
/projects/hpcsupport/steinbac/scads/standalone/imagenet_fall2010_203_r3_n42.jpg  written to disk
/lustre/projects/hpcsupport/steinbac/development/scads_snakemake_vs_spark/python/bootstrap_utils.pyc  rotating by  349
/projects/hpcsupport/steinbac/scads/standalone/imagenet_fall2010_141_r3_n42.jpg  written to disk
/lustre/projects/hpcsupport/steinbac/development/scads_snakemake_vs_spark/python/bootstrap_utils.pyc  rotating by  234
/projects/hpcsupport/steinbac/scads/standalone/imagenet_fall2010_266_r3_n42.jpg  written to disk
/lustre/projects/hpcsupport/steinbac/development/scads_snakemake_vs_spark/python/bootstrap_utils.pyc  rotating by  98
/projects/hpcsupport/steinbac/scads/standalone/imagenet_fall2010_156_r3_n42.jpg  written to disk
/lustre/projects/hpcsupport/steinbac/development/scads_snakemake_vs_spark/python/bootstrap_utils.pyc  rotating by  225
/projects/hpcsupport/steinbac/scads/standalone/imagenet_fall2010_230_r3_n42.jpg  written to disk
/lustre/projects/hpcsupport/steinbac/development/scads_snakemake_vs_spark/python/bootstrap_utils.pyc  rotating by  26
/projects/hpcsupport/steinbac/scads/standalone/imagenet_fall2010_302_r3_n42.jpg  written to disk
/lustre/projects/hpcsupport/steinbac/development/scads_snakemake_vs_spark/python/bootstrap_utils.pyc  rotating by  243
/projects/hpcsupport/steinbac/scads/standalone/imagenet_fall2010_282_r3_n42.jpg  written to disk
/lustre/projects/hpcsupport/steinbac/development/scads_snakemake_vs_spark/python/bootstrap_utils.pyc  rotating by  353
/projects/hpcsupport/steinbac/scads/standalone/imagenet_fall2010_178_r3_n42.jpg  written to disk
/lustre/projects/hpcsupport/steinbac/development/scads_snakemake_vs_spark/python/bootstrap_utils.pyc  rotating by  223
/projects/hpcsupport/steinbac/scads/standalone/imagenet_fall2010_303_r3_n42.jpg  written to disk
/lustre/projects/hpcsupport/steinbac/development/scads_snakemake_vs_spark/python/bootstrap_utils.pyc  rotating by  316
/projects/hpcsupport/steinbac/scads/standalone/imagenet_fall2010_311_r3_n42.jpg  written to disk
/lustre/projects/hpcsupport/steinbac/development/scads_snakemake_vs_spark/python/bootstrap_utils.pyc  rotating by  122
/projects/hpcsupport/steinbac/scads/standalone/imagenet_fall2010_104_r3_n42.jpg  written to disk
/lustre/projects/hpcsupport/steinbac/development/scads_snakemake_vs_spark/python/bootstrap_utils.pyc  rotating by  176
/projects/hpcsupport/steinbac/scads/standalone/imagenet_fall2010_226_r3_n42.jpg  written to disk
/lustre/projects/hpcsupport/steinbac/development/scads_snakemake_vs_spark/python/bootstrap_utils.pyc  rotating by  88
/projects/hpcsupport/steinbac/scads/standalone/imagenet_fall2010_237_r3_n42.jpg  written to disk
/lustre/projects/hpcsupport/steinbac/development/scads_snakemake_vs_spark/python/bootstrap_utils.pyc  rotating by  274
/projects/hpcsupport/steinbac/scads/standalone/imagenet_fall2010_161_r3_n42.jpg  written to disk
/lustre/projects/hpcsupport/steinbac/development/scads_snakemake_vs_spark/python/bootstrap_utils.pyc  rotating by  274
/projects/hpcsupport/steinbac/scads/standalone/imagenet_fall2010_100_r3_n42.jpg  written to disk
/lustre/projects/hpcsupport/steinbac/development/scads_snakemake_vs_spark/python/bootstrap_utils.pyc  rotating by  18
/projects/hpcsupport/steinbac/scads/standalone/imagenet_fall2010_307_r3_n42.jpg  written to disk
/lustre/projects/hpcsupport/steinbac/development/scads_snakemake_vs_spark/python/bootstrap_utils.pyc  rotating by  64
/projects/hpcsupport/steinbac/scads/standalone/imagenet_fall2010_243_r3_n42.jpg  written to disk
/lustre/projects/hpcsupport/steinbac/development/scads_snakemake_vs_spark/python/bootstrap_utils.pyc  rotating by  192
/projects/hpcsupport/steinbac/scads/standalone/imagenet_fall2010_182_r3_n42.jpg  written to disk
