Sender: LSF System <hpcadmin@n41>
Subject: Job 282312: <rotate_3> in cluster scuba_cluster1 Done

Job <rotate_3> was submitted from host <falcon> by user <steinbac> in cluster <scuba_cluster1>.
Job was executed on host(s) <12*n41>, in queue <gpu>, as user <steinbac> in cluster <scuba_cluster1>.
</home/steinbac> was used as the home directory.
</projects/hpcsupport/steinbac/scads/standalone> was used as the working directory.
Started at Thu Sep 24 11:40:41 2015
Results reported at Thu Sep 24 11:42:43 2015

Your job looked like:

------------------------------------------------------------
# LSBATCH: User input
#!/bin/bash
#BSUB -J 'rotate_3'
#BSUB -W 01:00
#BSUB -q gpu
#BSUB -n 12
#BSUB -R "span[hosts=1]"
#BSUB -o rotate_3_%J.log

for i in `seq 1 3`;
do
    FILES=`lfs ls /projects/hpcsupport/steinbac/scads/standalone/*[0-9].jpg|egrep -v '_n4'`
    python /projects/hpcsupport/steinbac/scads/standalone/bootstrap_images.py -v -j 12 -r -n "_r${i}_${HOSTNAME}" ${FILES}
done
------------------------------------------------------------

Successfully completed.

Resource usage summary:

    CPU time   :    670.05 sec.
    Max Memory :     28531 MB
    Max Swap   :     35255 MB

    Max Processes  :        16
    Max Threads    :        20

The output (if any) follows:

/lustre/projects/hpcsupport/steinbac/development/scads_snakemake_vs_spark/python/bootstrap_utils.pyc  rotating by  358
/projects/hpcsupport/steinbac/scads/standalone/imagenet_fall2010_129_r1_n41.jpg  written to disk
/lustre/projects/hpcsupport/steinbac/development/scads_snakemake_vs_spark/python/bootstrap_utils.pyc  rotating by  358
/projects/hpcsupport/steinbac/scads/standalone/imagenet_fall2010_174_r1_n41.jpg  written to disk
/lustre/projects/hpcsupport/steinbac/development/scads_snakemake_vs_spark/python/bootstrap_utils.pyc  rotating by  40
/projects/hpcsupport/steinbac/scads/standalone/imagenet_fall2010_190_r1_n41.jpg  written to disk
/lustre/projects/hpcsupport/steinbac/development/scads_snakemake_vs_spark/python/bootstrap_utils.pyc  rotating by  157
/projects/hpcsupport/steinbac/scads/standalone/imagenet_fall2010_203_r1_n41.jpg  written to disk
/lustre/projects/hpcsupport/steinbac/development/scads_snakemake_vs_spark/python/bootstrap_utils.pyc  rotating by  69
/projects/hpcsupport/steinbac/scads/standalone/imagenet_fall2010_141_r1_n41.jpg  written to disk
/lustre/projects/hpcsupport/steinbac/development/scads_snakemake_vs_spark/python/bootstrap_utils.pyc  rotating by  222
/projects/hpcsupport/steinbac/scads/standalone/imagenet_fall2010_266_r1_n41.jpg  written to disk
/lustre/projects/hpcsupport/steinbac/development/scads_snakemake_vs_spark/python/bootstrap_utils.pyc  rotating by  154
/projects/hpcsupport/steinbac/scads/standalone/imagenet_fall2010_156_r1_n41.jpg  written to disk
/lustre/projects/hpcsupport/steinbac/development/scads_snakemake_vs_spark/python/bootstrap_utils.pyc  rotating by  209
/projects/hpcsupport/steinbac/scads/standalone/imagenet_fall2010_230_r1_n41.jpg  written to disk
/lustre/projects/hpcsupport/steinbac/development/scads_snakemake_vs_spark/python/bootstrap_utils.pyc  rotating by  283
/projects/hpcsupport/steinbac/scads/standalone/imagenet_fall2010_302_r1_n41.jpg  written to disk
/lustre/projects/hpcsupport/steinbac/development/scads_snakemake_vs_spark/python/bootstrap_utils.pyc  rotating by  164
/projects/hpcsupport/steinbac/scads/standalone/imagenet_fall2010_282_r1_n41.jpg  written to disk
/lustre/projects/hpcsupport/steinbac/development/scads_snakemake_vs_spark/python/bootstrap_utils.pyc  rotating by  347
/projects/hpcsupport/steinbac/scads/standalone/imagenet_fall2010_178_r1_n41.jpg  written to disk
/lustre/projects/hpcsupport/steinbac/development/scads_snakemake_vs_spark/python/bootstrap_utils.pyc  rotating by  295
/projects/hpcsupport/steinbac/scads/standalone/imagenet_fall2010_303_r1_n41.jpg  written to disk
/lustre/projects/hpcsupport/steinbac/development/scads_snakemake_vs_spark/python/bootstrap_utils.pyc  rotating by  335
/projects/hpcsupport/steinbac/scads/standalone/imagenet_fall2010_311_r1_n41.jpg  written to disk
/lustre/projects/hpcsupport/steinbac/development/scads_snakemake_vs_spark/python/bootstrap_utils.pyc  rotating by  345
/projects/hpcsupport/steinbac/scads/standalone/imagenet_fall2010_104_r1_n41.jpg  written to disk
/lustre/projects/hpcsupport/steinbac/development/scads_snakemake_vs_spark/python/bootstrap_utils.pyc  rotating by  321
/projects/hpcsupport/steinbac/scads/standalone/imagenet_fall2010_226_r1_n41.jpg  written to disk
/lustre/projects/hpcsupport/steinbac/development/scads_snakemake_vs_spark/python/bootstrap_utils.pyc  rotating by  336
/projects/hpcsupport/steinbac/scads/standalone/imagenet_fall2010_237_r1_n41.jpg  written to disk
/lustre/projects/hpcsupport/steinbac/development/scads_snakemake_vs_spark/python/bootstrap_utils.pyc  rotating by  89
/projects/hpcsupport/steinbac/scads/standalone/imagenet_fall2010_161_r1_n41.jpg  written to disk
/lustre/projects/hpcsupport/steinbac/development/scads_snakemake_vs_spark/python/bootstrap_utils.pyc  rotating by  4
/projects/hpcsupport/steinbac/scads/standalone/imagenet_fall2010_100_r1_n41.jpg  written to disk
/lustre/projects/hpcsupport/steinbac/development/scads_snakemake_vs_spark/python/bootstrap_utils.pyc  rotating by  109
/projects/hpcsupport/steinbac/scads/standalone/imagenet_fall2010_307_r1_n41.jpg  written to di/lustre/projects/hpcsupport/steinbac/development/scads_snakemake_vs_spark/python/bootstrap_utils.pyc  rotating by  135
/projects/hpcsupport/steinbac/scads/standalone/imagenet_fall2010_129_r2_n41.jpg  written to disk
/lustre/projects/hpcsupport/steinbac/development/scads_snakemake_vs_spark/python/bootstrap_utils.pyc  rotating by  68
/projects/hpcsupport/steinbac/scads/standalone/imagenet_fall2010_174_r2_n41.jpg  written to disk
/lustre/projects/hpcsupport/steinbac/development/scads_snakemake_vs_spark/python/bootstrap_utils.pyc  rotating by  236
/projects/hpcsupport/steinbac/scads/standalone/imagenet_fall2010_190_r2_n41.jpg  written to disk
/lustre/projects/hpcsupport/steinbac/development/scads_snakemake_vs_spark/python/bootstrap_utils.pyc  rotating by  191
/projects/hpcsupport/steinbac/scads/standalone/imagenet_fall2010_203_r2_n41.jpg  written to disk
/lustre/projects/hpcsupport/steinbac/development/scads_snakemake_vs_spark/python/bootstrap_utils.pyc  rotating by  4
/projects/hpcsupport/steinbac/scads/standalone/imagenet_fall2010_141_r2_n41.jpg  written to disk
/lustre/projects/hpcsupport/steinbac/development/scads_snakemake_vs_spark/python/bootstrap_utils.pyc  rotating by  273
/projects/hpcsupport/steinbac/scads/standalone/imagenet_fall2010_266_r2_n41.jpg  written to disk
/lustre/projects/hpcsupport/steinbac/development/scads_snakemake_vs_spark/python/bootstrap_utils.pyc  rotating by  122
/projects/hpcsupport/steinbac/scads/standalone/imagenet_fall2010_156_r2_n41.jpg  written to disk
/lustre/projects/hpcsupport/steinbac/development/scads_snakemake_vs_spark/python/bootstrap_utils.pyc  rotating by  44
/projects/hpcsupport/steinbac/scads/standalone/imagenet_fall2010_230_r2_n41.jpg  written to disk
/lustre/projects/hpcsupport/steinbac/development/scads_snakemake_vs_spark/python/bootstrap_utils.pyc  rotating by  66
/projects/hpcsupport/steinbac/scads/standalone/imagenet_fall2010_302_r2_n41.jpg  written to disk
/lustre/projects/hpcsupport/steinbac/development/scads_snakemake_vs_spark/python/bootstrap_utils.pyc  rotating by  352
/projects/hpcsupport/steinbac/scads/standalone/imagenet_fall2010_282_r2_n41.jpg  written to disk
/lustre/projects/hpcsupport/steinbac/development/scads_snakemake_vs_spark/python/bootstrap_utils.pyc  rotating by  235
/projects/hpcsupport/steinbac/scads/standalone/imagenet_fall2010_178_r2_n41.jpg  written to disk
/lustre/projects/hpcsupport/steinbac/development/scads_snakemake_vs_spark/python/bootstrap_utils.pyc  rotating by  259
/projects/hpcsupport/steinbac/scads/standalone/imagenet_fall2010_303_r2_n41.jpg  written to disk
/lustre/projects/hpcsupport/steinbac/development/scads_snakemake_vs_spark/python/bootstrap_utils.pyc  rotating by  203
/projects/hpcsupport/steinbac/scads/standalone/imagenet_fall2010_311_r2_n41.jpg  written to disk
/lustre/projects/hpcsupport/steinbac/development/scads_snakemake_vs_spark/python/bootstrap_utils.pyc  rotating by  348
/projects/hpcsupport/steinbac/scads/standalone/imagenet_fall2010_104_r2_n41.jpg  written to disk
/lustre/projects/hpcsupport/steinbac/development/scads_snakemake_vs_spark/python/bootstrap_utils.pyc  rotating by  214
/projects/hpcsupport/steinbac/scads/standalone/imagenet_fall2010_222_r2_n41.jpg  written to disk
/lustre/projects/hpcsupport/steinbac/development/scads_snakemake_vs_spark/python/bootstrap_utils.pyc  rotating by  126
/projects/hpcsupport/steinbac/scads/standalone/imagenet_fall2010_144_r2_n41.jpg  written to disk
/lustre/projects/hpcsupport/steinbac/development/scads_snakemake_vs_spark/python/bootstrap_utils.pyc  rotating by  214
/projects/hpcsupport/steinbac/scads/standalone/imagenet_fall2010_213_r2_n41.jpg  written to disk
/lustre/projects/hpcsupport/steinbac/development/scads_snakemake_vs_spark/python/bootstrap_utils.pyc  rotating by  79
/projects/hpcsupport/steinbac/scads/standalone/imagenet_fall2010_253_r2_n41.jpg  written to disk
/lustre/projects/hpcsupport/steinbac/development/scads_snakemake_vs_spark/python/bootstrap_utils.pyc  rotating by  161
/projects/hpcsupport/steinbac/scads/standalone/imagenet_fall2010_148_r2_n41.jpg  written to disk
/lustre/projects/hpcsupport/steinbac/development/scads_snakemake_vs_spark/python/bootstrap_utils.pyc  rotating by  324
/projects/hpcsupport/steinbac/scads/standalone/imagenet_fall2010_196_r2_n41.jpg  written to disk
/lustre/projects/hpcsupport/steinbac/development/scads_snakemake_vs_spark/python/bootstrap_utils.pyc  rotating by  226
/projects/hpcsupport/steinbac/scads/standalone/imagenet_fall2010_164_r2_n41.jpg  written to disk
/lustre/projects/hpcsupport/steinbac/development/scads_snakemake_vs_spark/python/bootstrap_utils.pyc  rotating by  167
/projects/hpcsupport/steinbac/scads/standalone/imagenet_fall2010_158_r2_n41.jpg  written to disk
/lustre/projects/hpcsupport/steinbac/development/scads_snakemake_vs_spark/python/bootstrap_utils.pyc  rotating by  20
/projects/hpcsupport/steinbac/scads/standalone/imagenet_fall2010_270_r2_n41.jpg  written to disk
/lustre/projects/hpcsupport/steinbac/development/scads_snakemake_vs_spark/python/bootstrap_utils.pyc  rotating by  3
/projects/hpcsupport/steinbac/scads/standalone/imagenet_fall2010_175_r2_n41.jpg  written to disk
/lustre/projects/hpcsupport/steinbac/development/scads_snakemake_vs_spark/python/bootstrap_utils.pyc  rotating by  279
/projects/hpcsupport/steinbac/scads/standalone/imagenet_fall2010_112_r2_n41.jpg  written to disk
/lustre/projects/hpcsupport/steinbac/development/scads_snakemake_vs_spark/python/bootstrap_utils.pyc  rotating by  73
/projects/hpcsupport/steinbac/scads/standalone/imagenet_fall2010_346_r2_n41.jpg  written to disk
/lustre/projects/hpcsupport/steinbac/development/scads_snakemake_vs_spark/python/bootstrap_utils.pyc  rotating by  217
/projects/hpcsupport/steinbac/scads/standalone/imagenet_fall2010_259_r2_n41.jpg  written to disk
/lustre/projects/hpcsupport/steinbac/development/scads_snakemake_vs_spark/python/bootstrap_utils.pyc  rotating by  169
/projects/hpcsupport/steinbac/scads/standalone/imagenet_fall2010_185_r2_n41.jpg  written to disk
/lustre/projects/hpcsupport/steinbac/development/scads_snakemake_vs_spark/python/bootstrap_utils.pyc  rotating by  179
/projects/hpcsupport/steinbac/scads/standalone/imagenet_fall2010_295_r2_n41.jpg  written to disk
/lustre/projects/hpcsupport/steinbac/development/scads_snakemake_vs_spark/python/bootstrap_utils.pyc  rotating by  169
/projects/hpcsupport/steinbac/scads/standalone/imagenet_fall2010_139_r2_n41.jpg  written to disk
/lustre/projects/hpcsupport/steinbac/development/scads_snakemake_vs_spark/python/bootstrap_utils.pyc  rotating by  77
/projects/hpcsupport/steinbac/scads/standalone/imagenet_fall2010_207_r2_n41.jpg  written to disk
/lustre/projects/hpcsupport/steinbac/development/scads_snakemake_vs_spark/python/bootstrap_utils.pyc  rotating by  249
/projects/hpcsupport/steinbac/scads/standalone/imagenet_fall2010_215_r2_n41.jpg  written to disk
/lustre/projects/hpcsupport/steinbac/development/scads_snakemake_vs_spark/python/bootstrap_utils.pyc  rotating by  329
/projects/hpcsupport/steinbac/scads/standalone/imagenet_fall2010_201_r2_n41.jpg  written to disk
/lustre/projects/hpcsupport/steinbac/development/scads_snakemake_vs_spark/python/bootstrap_utils.pyc  rotating by  36
/projects/hpcsupport/steinbac/scads/standalone/imagenet_fall2010_143_r2_n41.jpg  written to disk
/lustre/projects/hpcsupport/steinbac/development/scads_snakemake_vs_spark/python/bootstrap_utils.pyc  rotating by  145
/projects/hpcsupport/steinbac/scads/standalone/imagenet_fall2010_34_r2_n41.jpg  written to disk
/lustre/projects/hpcsupport/steinbac/development/scads_snakemake_vs_spark/python/bootstrap_utils.pyc  rotating by  32
/projects/hpcsupport/steinbac/scads/standalone/imagenet_fall2010_21_r2_n41.jpg  written to disk
/lustre/projects/hpcsupport/steinbac/development/scads_snakemake_vs_spark/python/bootstrap_utils.pyc  rotating by  172
/projects/hpcsupport/steinbac/scads/standalone/imagenet_fall2010_124_r2_n41.jpg  written to disk
/lustre/projects/hpcsupport/steinbac/development/scads_snakemake_vs_spark/python/bootstrap_utils.pyc  rotating by  57
/projects/hpcsupport/steinbac/scads/standalone/imagenet_fall2010_333_r2_n41.jpg  written to disk
/lustre/projects/hpcsupport/steinbac/development/scads_snakemake_vs_spark/python/bootstrap_utils.pyc  rotating by  52
/projects/hpcsupport/steinbac/scads/standalone/imagenet_fall2010_195_r2_n41.jpg  written to disk
/lustre/projects/hpcsupport/steinbac/development/scads_snakemake_vs_spark/python/bootstrap_utils.pyc  rotating by  235
/projects/hpcsupport/steinbac/scads/standalone/imagenet_fall2010_118_r2_n41.jpg  written to disk
/lustre/projects/hpcsupport/steinbac/development/scads_snakemake_vs_spark/python/bootstrap_utils.pyc  rotating by  281
/projects/hpcsupport/steinbac/scads/standalone/imagenet_fall2010_304_r2_n41.jpg  written to disk
/lustre/projects/hpcsupport/steinbac/development/scads_snakemake_vs_spark/python/bootstrap_utils.pyc  rotating by  141
/projects/hpcsupport/steinbac/scads/standalone/imagenet_fall2010_244_r2_n41.jpg  written to disk
/lustre/projects/hpcsupport/steinbac/development/scads_snakemake_vs_spark/python/bootstrap_utils.pyc  rotating by  134
/projects/hpcsupport/steinbac/scads/standalone/imagenet_fall2010_129_r3_n41.jpg  written to disk
/lustre/projects/hpcsupport/steinbac/development/scads_snakemake_vs_spark/python/bootstrap_utils.pyc  rotating by  163
/projects/hpcsupport/steinbac/scads/standalone/imagenet_fall2010_174_r3_n41.jpg  written to disk
/lustre/projects/hpcsupport/steinbac/development/scads_snakemake_vs_spark/python/bootstrap_utils.pyc  rotating by  298
/projects/hpcsupport/steinbac/scads/standalone/imagenet_fall2010_190_r3_n41.jpg  written to disk
/lustre/projects/hpcsupport/steinbac/development/scads_snakemake_vs_spark/python/bootstrap_utils.pyc  rotating by  92
/projects/hpcsupport/steinbac/scads/standalone/imagenet_fall2010_203_r3_n41.jpg  written to disk
/lustre/projects/hpcsupport/steinbac/development/scads_snakemake_vs_spark/python/bootstrap_utils.pyc  rotating by  203
/projects/hpcsupport/steinbac/scads/standalone/imagenet_fall2010_141_r3_n41.jpg  written to disk
/lustre/projects/hpcsupport/steinbac/development/scads_snakemake_vs_spark/python/bootstrap_utils.pyc  rotating by  249
/projects/hpcsupport/steinbac/scads/standalone/imagenet_fall2010_266_r3_n41.jpg  written to disk
/lustre/projects/hpcsupport/steinbac/development/scads_snakemake_vs_spark/python/bootstrap_utils.pyc  rotating by  229
/projects/hpcsupport/steinbac/scads/standalone/imagenet_fall2010_156_r3_n41.jpg  written to disk
/lustre/projects/hpcsupport/steinbac/development/scads_snakemake_vs_spark/python/bootstrap_utils.pyc  rotating by  307
/projects/hpcsupport/steinbac/scads/standalone/imagenet_fall2010_230_r3_n41.jpg  written to disk
/lustre/projects/hpcsupport/steinbac/development/scads_snakemake_vs_spark/python/bootstrap_utils.pyc  rotating by  196
/projects/hpcsupport/steinbac/scads/standalone/imagenet_fall2010_302_r3_n41.jpg  written to disk
/lustre/projects/hpcsupport/steinbac/development/scads_snakemake_vs_spark/python/bootstrap_utils.pyc  rotating by  35
/projects/hpcsupport/steinbac/scads/standalone/imagenet_fall2010_282_r3_n41.jpg  written to disk
/lustre/projects/hpcsupport/steinbac/development/scads_snakemake_vs_spark/python/bootstrap_utils.pyc  rotating by  39
/projects/hpcsupport/steinbac/scads/standalone/imagenet_fall2010_178_r3_n41.jpg  written to disk
/lustre/projects/hpcsupport/steinbac/development/scads_snakemake_vs_spark/python/bootstrap_utils.pyc  rotating by  87
/projects/hpcsupport/steinbac/scads/standalone/imagenet_fall2010_303_r3_n41.jpg  written to disk
/lustre/projects/hpcsupport/steinbac/development/scads_snakemake_vs_spark/python/bootstrap_utils.pyc  rotating by  0
/projects/hpcsupport/steinbac/scads/standalone/imagenet_fall2010_311_r3_n41.jpg  written to disk
/lustre/projects/hpcsupport/steinbac/development/scads_snakemake_vs_spark/python/bootstrap_utils.pyc  rotating by  12
/projects/hpcsupport/steinbac/scads/standalone/imagenet_fall2010_104_r3_n41.jpg  written to disk
/lustre/projects/hpcsupport/steinbac/development/scads_snakemake_vs_spark/python/bootstrap_utils.pyc  rotating by  359
/projects/hpcsupport/steinbac/scads/standalone/imagenet_fall2010_222_r3_n41.jpg  written to disk
/lustre/projects/hpcsupport/steinbac/development/scads_snakemake_vs_spark/python/bootstrap_utils.pyc  rotating by  142
/projects/hpcsupport/steinbac/scads/standalone/imagenet_fall2010_144_r3_n41.jpg  written to disk
/lustre/projects/hpcsupport/steinbac/development/scads_snakemake_vs_spark/python/bootstrap_utils.pyc  rotating by  61
/projects/hpcsupport/steinbac/scads/standalone/imagenet_fall2010_213_r3_n41.jpg  written to disk
/lustre/projects/hpcsupport/steinbac/development/scads_snakemake_vs_spark/python/bootstrap_utils.pyc  rotating by  281
/projects/hpcsupport/steinbac/scads/standalone/imagenet_fall2010_253_r3_n41.jpg  written to disk
/lustre/projects/hpcsupport/steinbac/development/scads_snakemake_vs_spark/python/bootstrap_utils.pyc  rotating by  120
/projects/hpcsupport/steinbac/scads/standalone/imagenet_fall2010_148_r3_n41.jpg  written to disk
/lustre/projects/hpcsupport/steinbac/development/scads_snakemake_vs_spark/python/bootstrap_utils.pyc  rotating by  84
/projects/hpcsupport/steinbac/scads/standalone/imagenet_fall2010_196_r3_n41.jpg  written to disk
/lustre/projects/hpcsupport/steinbac/development/scads_snakemake_vs_spark/python/bootstrap_utils.pyc  rotating by  264
/projects/hpcsupport/steinbac/scads/standalone/imagenet_fall2010_164_r3_n41.jpg  written to disk
