Sender: LSF System <hpcadmin@n42>
Subject: Job 282314: <rotate_3> in cluster scuba_cluster1 Done

Job <rotate_3> was submitted from host <falcon> by user <steinbac> in cluster <scuba_cluster1>.
Job was executed on host(s) <12*n42>, in queue <gpu>, as user <steinbac> in cluster <scuba_cluster1>.
</home/steinbac> was used as the home directory.
</projects/hpcsupport/steinbac/scads/standalone> was used as the working directory.
Started at Thu Sep 24 11:42:42 2015
Results reported at Thu Sep 24 11:44:41 2015

Your job looked like:

------------------------------------------------------------
# LSBATCH: User input
#!/bin/bash
#BSUB -J 'rotate_3'
#BSUB -W 01:00
#BSUB -q gpu
#BSUB -n 12
#BSUB -R "span[hosts=1]"
#BSUB -o rotate_3_%J.log

for i in `seq 1 3`;
do
    FILES=`lfs ls /projects/hpcsupport/steinbac/scads/standalone/*[0-9].jpg|egrep -v '_n4'`
    python /projects/hpcsupport/steinbac/scads/standalone/bootstrap_images.py -v -j 12 -r -n "_r${i}_${HOSTNAME}" ${FILES}
done
------------------------------------------------------------

Successfully completed.

Resource usage summary:

    CPU time   :    673.61 sec.
    Max Memory :     28640 MB
    Max Swap   :     35478 MB

    Max Processes  :        16
    Max Threads    :        20

The output (if any) follows:

/lustre/projects/hpcsupport/steinbac/development/scads_snakemake_vs_spark/python/bootstrap_utils.pyc  rotating by  292
/projects/hpcsupport/steinbac/scads/standalone/imagenet_fall2010_35_r1_n42.jpg  written to disk
/lustre/projects/hpcsupport/steinbac/development/scads_snakemake_vs_spark/python/bootstrap_utils.pyc  rotating by  302
/projects/hpcsupport/steinbac/scads/standalone/imagenet_fall2010_150_r1_n42.jpg  written to disk
/lustre/projects/hpcsupport/steinbac/development/scads_snakemake_vs_spark/python/bootstrap_utils.pyc  rotating by  125
/projects/hpcsupport/steinbac/scads/standalone/imagenet_fall2010_167_r1_n42.jpg  written to disk
/lustre/projects/hpcsupport/steinbac/development/scads_snakemake_vs_spark/python/bootstrap_utils.pyc  rotating by  326
/projects/hpcsupport/steinbac/scads/standalone/imagenet_fall2010_187_r1_n42.jpg  written to disk
/lustre/projects/hpcsupport/steinbac/development/scads_snakemake_vs_spark/python/bootstrap_utils.pyc  rotating by  248
/projects/hpcsupport/steinbac/scads/standalone/imagenet_fall2010_19_r1_n42.jpg  written to disk
/lustre/projects/hpcsupport/steinbac/development/scads_snakemake_vs_spark/python/bootstrap_utils.pyc  rotating by  4
/projects/hpcsupport/steinbac/scads/standalone/imagenet_fall2010_134_r1_n42.jpg  written to disk
/lustre/projects/hpcsupport/steinbac/development/scads_snakemake_vs_spark/python/bootstrap_utils.pyc  rotating by  260
/projects/hpcsupport/steinbac/scads/standalone/imagenet_fall2010_229_r1_n42.jpg  written to disk
/lustre/projects/hpcsupport/steinbac/development/scads_snakemake_vs_spark/python/bootstrap_utils.pyc  rotating by  84
/projects/hpcsupport/steinbac/scads/standalone/imagenet_fall2010_20_r1_n42.jpg  written to disk
/lustre/projects/hpcsupport/steinbac/development/scads_snakemake_vs_spark/python/bootstrap_utils.pyc  rotating by  76
/projects/hpcsupport/steinbac/scads/standalone/imagenet_fall2010_145_r1_n42.jpg  written to disk
/lustre/projects/hpcsupport/steinbac/development/scads_snakemake_vs_spark/python/bootstrap_utils.pyc  rotating by  190
/projects/hpcsupport/steinbac/scads/standalone/imagenet_fall2010_166_r1_n42.jpg  written to disk
/lustre/projects/hpcsupport/steinbac/development/scads_snakemake_vs_spark/python/bootstrap_utils.pyc  rotating by  251
/projects/hpcsupport/steinbac/scads/standalone/imagenet_fall2010_228_r1_n42.jpg  written to disk
/lustre/projects/hpcsupport/steinbac/development/scads_snakemake_vs_spark/python/bootstrap_utils.pyc  rotating by  241
/projects/hpcsupport/steinbac/scads/standalone/imagenet_fall2010_312_r1_n42.jpg  written to disk
/lustre/projects/hpcsupport/steinbac/development/scads_snakemake_vs_spark/python/bootstrap_utils.pyc  rotating by  335
/projects/hpcsupport/steinbac/scads/standalone/imagenet_fall2010_351_r1_n42.jpg  written to disk
/lustre/projects/hpcsupport/steinbac/development/scads_snakemake_vs_spark/python/bootstrap_utils.pyc  rotating by  64
/projects/hpcsupport/steinbac/scads/standalone/imagenet_fall2010_268_r1_n42.jpg  written to disk
/lustre/projects/hpcsupport/steinbac/development/scads_snakemake_vs_spark/python/bootstrap_utils.pyc  rotating by  329
/projects/hpcsupport/steinbac/scads/standalone/imagenet_fall2010_123_r1_n42.jpg  written to disk
/lustre/projects/hpcsupport/steinbac/development/scads_snakemake_vs_spark/python/bootstrap_utils.pyc  rotating by  119
/projects/hpcsupport/steinbac/scads/standalone/imagenet_fall2010_263_r1_n42.jpg  written to disk
/lustre/projects/hpcsupport/steinbac/development/scads_snakemake_vs_spark/python/bootstrap_utils.pyc  rotating by  22
/projects/hpcsupport/steinbac/scads/standalone/imagenet_fall2010_23_r1_n42.jpg  written to disk
/lustre/projects/hpcsupport/steinbac/development/scads_snakemake_vs_spark/python/bootstrap_utils.pyc  rotating by  337
/projects/hpcsupport/steinbac/scads/standalone/imagenet_fall2010_318_r1_n42.jpg  written to disk
/lustre/projects/hpcsupport/steinbac/development/scads_snakemake_vs_spark/python/bootstrap_utils.pyc  rotating by  272
/projects/hpcsupport/steinbac/scads/standalone/imagenet_fall2010_234_r1_n42.jpg  written to disk
/l/lustre/projects/hpcsupport/steinbac/development/scads_snakemake_vs_spark/python/bootstrap_utils.pyc  rotating by  176
/projects/hpcsupport/steinbac/scads/standalone/imagenet_fall2010_129_r2_n42.jpg  written to disk
/lustre/projects/hpcsupport/steinbac/development/scads_snakemake_vs_spark/python/bootstrap_utils.pyc  rotating by  86
/projects/hpcsupport/steinbac/scads/standalone/imagenet_fall2010_174_r2_n42.jpg  written to disk
/lustre/projects/hpcsupport/steinbac/development/scads_snakemake_vs_spark/python/bootstrap_utils.pyc  rotating by  305
/projects/hpcsupport/steinbac/scads/standalone/imagenet_fall2010_190_r2_n42.jpg  written to disk
/lustre/projects/hpcsupport/steinbac/development/scads_snakemake_vs_spark/python/bootstrap_utils.pyc  rotating by  173
/projects/hpcsupport/steinbac/scads/standalone/imagenet_fall2010_203_r2_n42.jpg  written to disk
/lustre/projects/hpcsupport/steinbac/development/scads_snakemake_vs_spark/python/bootstrap_utils.pyc  rotating by  58
/projects/hpcsupport/steinbac/scads/standalone/imagenet_fall2010_141_r2_n42.jpg  written to disk
/lustre/projects/hpcsupport/steinbac/development/scads_snakemake_vs_spark/python/bootstrap_utils.pyc  rotating by  62
/projects/hpcsupport/steinbac/scads/standalone/imagenet_fall2010_266_r2_n42.jpg  written to disk
/lustre/projects/hpcsupport/steinbac/development/scads_snakemake_vs_spark/python/bootstrap_utils.pyc  rotating by  18
/projects/hpcsupport/steinbac/scads/standalone/imagenet_fall2010_156_r2_n42.jpg  written to disk
/lustre/projects/hpcsupport/steinbac/development/scads_snakemake_vs_spark/python/bootstrap_utils.pyc  rotating by  43
/projects/hpcsupport/steinbac/scads/standalone/imagenet_fall2010_261_r2_n42.jpg  written to disk
/lustre/projects/hpcsupport/steinbac/development/scads_snakemake_vs_spark/python/bootstrap_utils.pyc  rotating by  9
/projects/hpcsupport/steinbac/scads/standalone/imagenet_fall2010_353_r2_n42.jpg  written to disk
/lustre/projects/hpcsupport/steinbac/development/scads_snakemake_vs_spark/python/bootstrap_utils.pyc  rotating by  250
/projects/hpcsupport/steinbac/scads/standalone/imagenet_fall2010_317_r2_n42.jpg  written to disk
/lustre/projects/hpcsupport/steinbac/development/scads_snakemake_vs_spark/python/bootstrap_utils.pyc  rotating by  57
/projects/hpcsupport/steinbac/scads/standalone/imagenet_fall2010_279_r2_n42.jpg  written to disk
/lustre/projects/hpcsupport/steinbac/development/scads_snakemake_vs_spark/python/bootstrap_utils.pyc  rotating by  202
/projects/hpcsupport/steinbac/scads/standalone/imagenet_fall2010_162_r2_n42.jpg  written to disk
/lustre/projects/hpcsupport/steinbac/development/scads_snakemake_vs_spark/python/bootstrap_utils.pyc  rotating by  189
/projects/hpcsupport/steinbac/scads/standalone/imagenet_fall2010_336_r2_n42.jpg  written to disk
/lustre/projects/hpcsupport/steinbac/development/scads_snakemake_vs_spark/python/bootstrap_utils.pyc  rotating by  219
/projects/hpcsupport/steinbac/scads/standalone/imagenet_fall2010_272_r2_n42.jpg  written to disk
/lustre/projects/hpcsupport/steinbac/development/scads_snakemake_vs_spark/python/bootstrap_utils.pyc  rotating by  178
/projects/hpcsupport/steinbac/scads/standalone/imagenet_fall2010_157_r2_n42.jpg  written to disk
/lustre/projects/hpcsupport/steinbac/development/scads_snakemake_vs_spark/python/bootstrap_utils.pyc  rotating by  303
/projects/hpcsupport/steinbac/scads/standalone/imagenet_fall2010_321_r2_n42.jpg  written to disk
/lustre/projects/hpcsupport/steinbac/development/scads_snakemake_vs_spark/python/bootstrap_utils.pyc  rotating by  167
/projects/hpcsupport/steinbac/scads/standalone/imagenet_fall2010_177_r2_n42.jpg  written to disk
/lustre/projects/hpcsupport/steinbac/development/scads_snakemake_vs_spark/python/bootstrap_utils.pyc  rotating by  202
/projects/hpcsupport/steinbac/scads/standalone/imagenet_fall2010_359_r2_n42.jpg  written to disk
/lustre/projects/hpcsupport/steinbac/development/scads_snakemake_vs_spark/python/bootstrap_utils.pyc  rotating by  128
/projects/hpcsupport/steinbac/scads/standalone/imagenet_fall2010_364_r2_n42.jpg  written to disk
/lustre/projects/hpcsupport/steinbac/development/scads_snakemake_vs_spark/python/bootstrap_utils.pyc  rotating by  315
/projects/hpcsupport/steinbac/scads/standalone/imagenet_fall2010_205_r2_n42.jpg  written to disk
/lustre/projects/hpcsupport/steinbac/development/scads_snakemake_vs_spark/python/bootstrap_utils.pyc  rotating by  60
/projects/hpcsupport/steinbac/scads/standalone/imagenet_fall2010_31_r2_n42.jpg  written to disk
/lustre/projects/hpcsupport/steinbac/development/scads_snakemake_vs_spark/python/bootstrap_utils.pyc  rotating by  10
/projects/hpcsupport/steinbac/scads/standalone/imagenet_fall2010_35_r2_n42.jpg  written to disk
/lustre/projects/hpcsupport/steinbac/development/scads_snakemake_vs_spark/python/bootstrap_utils.pyc  rotating by  178
/projects/hpcsupport/steinbac/scads/standalone/imagenet_fall2010_150_r2_n42.jpg  written to disk
/lustre/projects/hpcsupport/steinbac/development/scads_snakemake_vs_spark/python/bootstrap_utils.pyc  rotating by  236
/projects/hpcsupport/steinbac/scads/standalone/imagenet_fall2010_167_r2_n42.jpg  written to disk
/lustre/projects/hpcsupport/steinbac/development/scads_snakemake_vs_spark/python/bootstrap_utils.pyc  rotating by  235
/projects/hpcsupport/steinbac/scads/standalone/imagenet_fall2010_187_r2_n42.jpg  written to disk
/lustre/projects/hpcsupport/steinbac/development/scads_snakemake_vs_spark/python/bootstrap_utils.pyc  rotating by  53
/projects/hpcsupport/steinbac/scads/standalone/imagenet_fall2010_19_r2_n42.jpg  written to disk
/lustre/projects/hpcsupport/steinbac/development/scads_snakemake_vs_spark/python/bootstrap_utils.pyc  rotating by  235
/projects/hpcsupport/steinbac/scads/standalone/imagenet_fall2010_134_r2_n42.jpg  written to disk
/lustre/projects/hpcsupport/steinbac/development/scads_snakemake_vs_spark/python/bootstrap_utils.pyc  rotating by  186
/projects/hpcsupport/steinbac/scads/standalone/imagenet_fall2010_229_r2_n42.jpg  written to disk
/lustre/projects/hpcsupport/steinbac/development/scads_snakemake_vs_spark/python/bootstrap_utils.pyc  rotating by  114
/projects/hpcsupport/steinbac/scads/standalone/imagenet_fall2010_238_r2_n42.jpg  written to disk
/lustre/projects/hpcsupport/steinbac/development/scads_snakemake_vs_spark/python/bootstrap_utils.pyc  rotating by  348
/projects/hpcsupport/steinbac/scads/standalone/imagenet_fall2010_219_r2_n42.jpg  written to disk
/lustre/projects/hpcsupport/steinbac/development/scads_snakemake_vs_spark/python/bootstrap_utils.pyc  rotating by  195
/projects/hpcsupport/steinbac/scads/standalone/imagenet_fall2010_361_r2_n42.jpg  written to disk
/lustre/projects/hpcsupport/steinbac/development/scads_snakemake_vs_spark/python/bootstrap_utils.pyc  rotating by  316
/projects/hpcsupport/steinbac/scads/standalone/imagenet_fall2010_327_r2_n42.jpg  written to disk
/lustre/projects/hpcsupport/steinbac/development/scads_snakemake_vs_spark/python/bootstrap_utils.pyc  rotating by  298
/projects/hpcsupport/steinbac/scads/standalone/imagenet_fall2010_368_r2_n42.jpg  written to disk
/lustre/projects/hpcsupport/steinbac/development/scads_snakemake_vs_spark/python/bootstrap_utils.pyc  rotating by  21
/projects/hpcsupport/steinbac/scads/standalone/imagenet_fall2010_184_r2_n42.jpg  written to disk
/lustre/projects/hpcsupport/steinbac/development/scads_snakemake_vs_spark/python/bootstrap_utils.pyc  rotating by  99
/projects/hpcsupport/steinbac/scads/standalone/imagenet_fall2010_290_r2_n42.jpg  written to disk
/lustre/projects/hpcsupport/steinbac/development/scads_snakemake_vs_spark/python/bootstrap_utils.pyc  rotating by  64
/projects/hpcsupport/steinbac/scads/standalone/imagenet_fall2010_21_r2_n42.jpg  written to disk
/lustre/projects/hpcsupport/steinbac/development/scads_snakemake_vs_spark/python/bootstrap_utils.pyc  rotating by  164
/projects/hpcsupport/steinbac/scads/standalone/imagenet_fall2010_124_r2_n42.jpg  written to disk
/lustre/projects/hpcsupport/steinbac/development/scads_snakemake_vs_spark/python/bootstrap_utils.pyc  rotating by  152
/projects/hpcsupport/steinbac/scads/standalone/imagenet_fall2010_333_r2_n42.jpg  written to disk
/lustre/projects/hpcsupport/steinbac/development/scads_snakemake_vs_spark/python/bootstrap_utils.pyc  rotating by  1
/projects/hpcsupport/steinbac/scads/standalone/imagenet_fall2010_195_r2_n42.jpg  written to disk
/lustre/projects/hpcsupport/steinbac/development/scads_snakemake_vs_spark/python/bootstrap_utils.pyc  rotating by  324
/projects/hpcsupport/steinbac/scads/standalone/imagenet_fall2010_118_r2_n42.jpg  written to disk
/lustre/projects/hpcsupport/steinbac/development/scads_snakemake_vs_spark/python/bootstrap_utils.pyc  rotating by  195
/projects/hpcsupport/steinbac/scads/standalone/imagenet_fall2010_304_r2_n42.jpg  written to disk
/lustre/projects/hpcsupport/steinbac/development/scads_snakemake_vs_spark/python/bootstrap_utils.pyc  rotating by  325
/projects/hpcsupport/steinbac/scads/standalone/imagenet_fall2010_244_r2_n42.jpg  written to disk
/lustre/projects/hpcsupport/steinbac/development/scads_snakemake_vs_spark/python/bootstrap_utils.pyc  rotating by  320
/projects/hpcsupport/steinbac/scads/standalone/imagenet_fall2010_129_r3_n42.jpg  written to disk
/lustre/projects/hpcsupport/steinbac/development/scads_snakemake_vs_spark/python/bootstrap_utils.pyc  rotating by  328
/projects/hpcsupport/steinbac/scads/standalone/imagenet_fall2010_174_r3_n42.jpg  written to disk
/lustre/projects/hpcsupport/steinbac/development/scads_snakemake_vs_spark/python/bootstrap_utils.pyc  rotating by  88
/projects/hpcsupport/steinbac/scads/standalone/imagenet_fall2010_190_r3_n42.jpg  written to disk
/lustre/projects/hpcsupport/steinbac/development/scads_snakemake_vs_spark/python/bootstrap_utils.pyc  rotating by  176
/projects/hpcsupport/steinbac/scads/standalone/imagenet_fall2010_203_r3_n42.jpg  written to disk
/lustre/projects/hpcsupport/steinbac/development/scads_snakemake_vs_spark/python/bootstrap_utils.pyc  rotating by  56
/projects/hpcsupport/steinbac/scads/standalone/imagenet_fall2010_141_r3_n42.jpg  written to disk
/lustre/projects/hpcsupport/steinbac/development/scads_snakemake_vs_spark/python/bootstrap_utils.pyc  rotating by  36
/projects/hpcsupport/steinbac/scads/standalone/imagenet_fall2010_266_r3_n42.jpg  written to disk
/lustre/projects/hpcsupport/steinbac/development/scads_snakemake_vs_spark/python/bootstrap_utils.pyc  rotating by  77
/projects/hpcsupport/steinbac/scads/standalone/imagenet_fall2010_156_r3_n42.jpg  written to disk
/lustre/projects/hpcsupport/steinbac/development/scads_snakemake_vs_spark/python/bootstrap_utils.pyc  rotating by  57
/projects/hpcsupport/steinbac/scads/standalone/imagenet_fall2010_230_r3_n42.jpg  written to disk
/lustre/projects/hpcsupport/steinbac/development/scads_snakemake_vs_spark/python/bootstrap_utils.pyc  rotating by  223
/projects/hpcsupport/steinbac/scads/standalone/imagenet_fall2010_302_r3_n42.jpg  written to disk
/lustre/projects/hpcsupport/steinbac/development/scads_snakemake_vs_spark/python/bootstrap_utils.pyc  rotating by  229
/projects/hpcsupport/steinbac/scads/standalone/imagenet_fall2010_282_r3_n42.jpg  written to disk
/lustre/projects/hpcsupport/steinbac/development/scads_snakemake_vs_spark/python/bootstrap_utils.pyc  rotating by  113
/projects/hpcsupport/steinbac/scads/standalone/imagenet_fall2010_178_r3_n42.jpg  written to disk
/lustre/projects/hpcsupport/steinbac/development/scads_snakemake_vs_spark/python/bootstrap_utils.pyc  rotating by  327
/projects/hpcsupport/steinbac/scads/standalone/imagenet_fall2010_303_r3_n42.jpg  written to disk
/lustre/projects/hpcsupport/steinbac/development/scads_snakemake_vs_spark/python/bootstrap_utils.pyc  rotating by  173
/projects/hpcsupport/steinbac/scads/standalone/imagenet_fall2010_311_r3_n42.jpg  written to disk
/lustre/projects/hpcsupport/steinbac/development/scads_snakemake_vs_spark/python/bootstrap_utils.pyc  rotating by  154
/projects/hpcsupport/steinbac/scads/standalone/imagenet_fall2010_104_r3_n42.jpg  written to disk
/lustre/projects/hpcsupport/steinbac/development/scads_snakemake_vs_spark/python/bootstrap_utils.pyc  rotating by  148
/projects/hpcsupport/steinbac/scads/standalone/imagenet_fall2010_222_r3_n42.jpg  written to disk
/lustre/projects/hpcsupport/steinbac/development/scads_snakemake_vs_spark/python/bootstrap_utils.pyc  rotating by  10
/projects/hpcsupport/steinbac/scads/standalone/imagenet_fall2010_144_r3_n42.jpg  written to disk
/lustre/projects/hpcsupport/steinbac/development/scads_snakemake_vs_spark/python/bootstrap_utils.pyc  rotating by  315
/projects/hpcsupport/steinbac/scads/standalone/imagenet_fall2010_213_r3_n42.jpg  written to disk
/lustre/projects/hpcsupport/steinbac/development/scads_snakemake_vs_spark/python/bootstrap_utils.pyc  rotating by  293
/projects/hpcsupport/steinbac/scads/standalone/imagenet_fall2010_253_r3_n42.jpg  written to disk
/lustre/projects/hpcsupport/steinbac/development/scads_snakemake_vs_spark/python/bootstrap_utils.pyc  rotating by  95
/projects/hpcsupport/steinbac/scads/standalone/imagenet_fall2010_148_r3_n42.jpg  written to disk
/lustre/projects/hpcsupport/steinbac/development/scads_snakemake_vs_spark/python/bootstrap_utils.pyc  rotating by  256
/projects/hpcsupport/steinbac/scads/standalone/imagenet_fall2010_196_r3_n42.jpg  written to disk
/lustre/projects/hpcsupport/steinbac/development/scads_snakemake_vs_spark/python/bootstrap_utils.pyc  rotating by  260
/projects/hpcsupport/steinbac/scads/standalone/imagenet_fall2010_164_r3_n42.jpg  written to disk
